\BOOKMARK [2][-]{section*.4}{\376\377\000L\000i\000s\000t\000\040\000o\000f\000\040\000A\000b\000b\000r\000e\000v\000i\000a\000t\000i\000o\000n\000s}{}% 1
\BOOKMARK [1][-]{section*.5}{\376\377\000A\000b\000s\000t\000r\000a\000c\000t}{}% 2
\BOOKMARK [1][-]{section*.6}{\376\377\000E\000n\000g\000i\000n\000e\000e\000r\000i\000n\000g\000\040\000S\000i\000m\000u\000l\000a\000t\000i\000o\000n\000\040\000f\000o\000r\000\040\000R\000o\000c\000k\000e\000t\000\040\000F\000l\000i\000g\000h\000t\000\040\000A\000n\000a\000l\000y\000s\000i\000s}{}% 3
\BOOKMARK [2][-]{section*.7}{\376\377\000O\000v\000e\000r\000v\000i\000e\000w}{section*.6}% 4
\BOOKMARK [2][-]{section*.8}{\376\377\000D\000e\000f\000i\000n\000i\000t\000i\000o\000n\000\040\000o\000f\000\040\000t\000h\000e\000\040\000P\000r\000o\000b\000l\000e\000m}{section*.6}% 5
\BOOKMARK [2][-]{section*.9}{\376\377\000R\000e\000q\000u\000i\000r\000e\000m\000e\000n\000t\000s}{section*.6}% 6
\BOOKMARK [2][-]{section*.10}{\376\377\000V\000a\000l\000i\000d\000a\000t\000i\000o\000n}{section*.6}% 7
\BOOKMARK [2][-]{section*.11}{\376\377\000P\000r\000o\000b\000l\000e\000m\000\040\000S\000o\000l\000v\000i\000n\000g\000\040\000A\000p\000p\000r\000o\000a\000c\000h}{section*.6}% 8
\BOOKMARK [3][-]{section*.12}{\376\377\000K\000i\000n\000e\000m\000a\000t\000i\000c\000s}{section*.11}% 9
\BOOKMARK [3][-]{section*.13}{\376\377\000D\000y\000n\000a\000m\000i\000c\000s}{section*.11}% 10
\BOOKMARK [3][-]{section*.14}{\376\377\000D\000e\000c\000o\000u\000p\000l\000i\000n\000g\000\040\000t\000h\000e\000\040\000M\000o\000d\000e\000l}{section*.11}% 11
\BOOKMARK [2][-]{section*.15}{\376\377\000A\000s\000s\000u\000m\000p\000t\000i\000o\000n\000s}{section*.6}% 12
\BOOKMARK [1][-]{section*.16}{\376\377\000I\000n\000p\000u\000t\000\040\000P\000a\000r\000a\000m\000e\000t\000e\000r\000s}{}% 13
\BOOKMARK [2][-]{section*.17}{\376\377\000A\000t\000m\000o\000s\000p\000h\000e\000r\000i\000c\000\040\000M\000o\000d\000e\000l}{section*.16}% 14
\BOOKMARK [3][-]{section*.18}{\376\377\000V\000i\000s\000c\000o\000s\000i\000t\000y}{section*.17}% 15
\BOOKMARK [3][-]{section*.19}{\376\377\000P\000r\000e\000v\000i\000o\000u\000s\000\040\000W\000o\000r\000k}{section*.17}% 16
\BOOKMARK [2][-]{section*.20}{\376\377\000S\000t\000a\000t\000i\000c\000\040\000P\000a\000r\000a\000m\000e\000t\000e\000r\000s}{section*.16}% 17
\BOOKMARK [2][-]{section*.21}{\376\377\000D\000y\000n\000a\000m\000i\000c\000\040\000P\000a\000r\000a\000m\000e\000t\000e\000r\000s}{section*.16}% 18
\BOOKMARK [3][-]{section*.22}{\376\377\000F\000o\000r\000c\000e}{section*.21}% 19
\BOOKMARK [3][-]{section*.23}{\376\377\000I\000m\000p\000u\000l\000s\000e}{section*.21}% 20
\BOOKMARK [3][-]{section*.24}{\376\377\000T\000h\000r\000u\000s\000t}{section*.21}% 21
\BOOKMARK [3][-]{section*.25}{\376\377\000M\000a\000s\000s\000\040\000F\000l\000o\000w\000\040\000R\000a\000t\000e}{section*.21}% 22
\BOOKMARK [3][-]{section*.28}{\376\377\000W\000e\000i\000g\000h\000t}{section*.21}% 23
\BOOKMARK [3][-]{section*.29}{\376\377\000C\000e\000n\000t\000e\000r\000\040\000o\000f\000\040\000G\000r\000a\000v\000i\000t\000y}{section*.21}% 24
\BOOKMARK [3][-]{section*.30}{\376\377\000M\000o\000m\000e\000n\000t\000s\000\040\000o\000f\000\040\000I\000n\000e\000r\000t\000i\000a}{section*.21}% 25
\BOOKMARK [3][-]{section*.32}{\376\377\000C\000e\000n\000t\000e\000r\000\040\000o\000f\000\040\000P\000r\000e\000s\000s\000u\000r\000e}{section*.21}% 26
\BOOKMARK [1][-]{section*.33}{\376\377\000T\000h\000e\000\040\000B\000a\000r\000r\000o\000w\000m\000a\000n\000\040\000M\000e\000t\000h\000o\000d}{}% 27
\BOOKMARK [2][-]{section*.34}{\376\377\000S\000t\000a\000b\000i\000l\000i\000t\000y\000\040\000D\000e\000r\000i\000v\000a\000t\000i\000v\000e}{section*.33}% 28
\BOOKMARK [2][-]{section*.35}{\376\377\000N\000o\000s\000e\000\040\000C\000o\000n\000e}{section*.33}% 29
\BOOKMARK [2][-]{section*.36}{\376\377\000R\000o\000c\000k\000e\000t\000\040\000B\000o\000d\000y}{section*.33}% 30
\BOOKMARK [2][-]{section*.37}{\376\377\000F\000i\000n\000s}{section*.33}% 31
\BOOKMARK [2][-]{section*.38}{\376\377\000N\000o\000s\000e\000\040\000C\000o\000n\000e\000\040\000C\000O\000P}{section*.33}% 32
\BOOKMARK [3][-]{section*.39}{\376\377\000L\000V\000-\000H\000a\000a\000c\000k\000\040\000N\000o\000s\000e\000\040\000C\000o\000n\000e\000\040\000C\000O\000P}{section*.38}% 33
\BOOKMARK [3][-]{section*.40}{\376\377\000V\000o\000n\000\040\000K\000a\000r\000m\000a\000n\000\040\000N\000o\000s\000e\000\040\000C\000o\000n\000e\000\040\000C\000O\000P}{section*.38}% 34
\BOOKMARK [3][-]{section*.43}{\376\377\000R\000o\000c\000k\000e\000t\000\040\000B\000o\000d\000y\000\040\000L\000i\000f\000t\000\040\000C\000o\000r\000r\000e\000c\000t\000i\000o\000n}{section*.38}% 35
\BOOKMARK [3][-]{section*.44}{\376\377\000T\000r\000a\000n\000s\000o\000n\000i\000c\000\040\000C\000o\000n\000s\000i\000d\000e\000r\000a\000t\000i\000o\000n\000s}{section*.38}% 36
\BOOKMARK [2][-]{section*.45}{\376\377\000A\000e\000r\000o\000d\000y\000n\000a\000m\000i\000c\000\040\000G\000e\000o\000m\000e\000t\000r\000y}{section*.33}% 37
\BOOKMARK [3][-]{section*.46}{\376\377\000O\000v\000e\000r\000v\000i\000e\000w}{section*.45}% 38
\BOOKMARK [3][-]{section*.47}{\376\377\000S\000u\000r\000f\000a\000c\000e\000\040\000R\000o\000u\000g\000h\000n\000e\000s\000s}{section*.45}% 39
\BOOKMARK [3][-]{section*.48}{\376\377\000F\000i\000n\000e\000n\000e\000s\000s\000\040\000R\000a\000t\000i\000o}{section*.45}% 40
\BOOKMARK [3][-]{section*.49}{\376\377\000F\000i\000n\000s}{section*.45}% 41
\BOOKMARK [3][-]{section*.50}{\376\377\000A\000e\000r\000o\000d\000y\000n\000a\000m\000i\000c\000\040\000C\000h\000o\000r\000d\000\040\000L\000e\000n\000g\000t\000h\000\040\000o\000f\000\040\000F\000i\000n\000s}{section*.45}% 42
\BOOKMARK [3][-]{section*.51}{\376\377\000A\000r\000e\000a\000s}{section*.45}% 43
\BOOKMARK [2][-]{section*.56}{\376\377\000N\000o\000s\000e\000\040\000P\000r\000o\000f\000i\000l\000e}{section*.33}% 44
\BOOKMARK [3][-]{section*.57}{\376\377\000V\000o\000n\000\040\000K\000a\000r\000m\000a\000n\000\040\000\050\000H\000a\000a\000c\000k\000\051}{section*.56}% 45
\BOOKMARK [3][-]{section*.58}{\376\377\000A\000e\000r\000o\000d\000y\000n\000a\000m\000i\000c\000\040\000C\000e\000n\000t\000e\000r}{section*.56}% 46
\BOOKMARK [1][-]{section*.59}{\376\377\000D\000r\000a\000g\000\040\000M\000o\000d\000e\000l}{}% 47
\BOOKMARK [2][-]{section*.60}{\376\377\000M\000a\000c\000h\000\040\000N\000u\000m\000b\000e\000r}{section*.59}% 48
\BOOKMARK [3][-]{section*.61}{\376\377\000M\000a\000c\000h\000\040\000R\000e\000g\000i\000o\000n\000s}{section*.60}% 49
\BOOKMARK [2][-]{section*.62}{\376\377\000I\000n\000c\000o\000m\000p\000r\000e\000s\000s\000i\000b\000l\000e\000\040\000F\000l\000o\000w}{section*.59}% 50
\BOOKMARK [2][-]{section*.63}{\376\377\000C\000o\000m\000p\000r\000e\000s\000s\000i\000b\000l\000e\000\040\000F\000l\000o\000w\000\040\000C\000o\000r\000r\000e\000c\000t\000i\000o\000n}{section*.59}% 51
\BOOKMARK [2][-]{section*.64}{\376\377\000T\000u\000r\000b\000u\000l\000e\000n\000t\000\040\000E\000f\000f\000e\000c\000t\000s}{section*.59}% 52
\BOOKMARK [2][-]{section*.65}{\376\377\000S\000t\000a\000g\000n\000a\000t\000i\000o\000n\000\040\000P\000r\000e\000s\000s\000u\000r\000e}{section*.59}% 53
\BOOKMARK [2][-]{section*.66}{\376\377\000R\000e\000y\000n\000o\000l\000d\000s\000\040\000N\000u\000m\000b\000e\000r}{section*.59}% 54
\BOOKMARK [3][-]{section*.67}{\376\377\000C\000r\000i\000t\000i\000c\000a\000l\000\040\000R\000e\000y\000n\000o\000l\000d\000s\000\040\000N\000u\000m\000b\000e\000r}{section*.66}% 55
\BOOKMARK [3][-]{section*.68}{\376\377\000A\000c\000t\000u\000a\000l\000\040\000R\000e\000y\000n\000o\000l\000d\000s\000\040\000N\000u\000m\000b\000e\000r}{section*.66}% 56
\BOOKMARK [2][-]{section*.69}{\376\377\000D\000r\000a\000g\000\040\000F\000o\000r\000c\000e\000\040\000a\000n\000d\000\040\000C\000o\000e\000f\000f\000i\000c\000i\000e\000n\000t\000s}{section*.59}% 57
\BOOKMARK [3][-]{section*.70}{\376\377\000V\000i\000s\000c\000o\000u\000s\000\040\000D\000r\000a\000g\000\040\000E\000f\000f\000e\000c\000t\000s}{section*.69}% 58
\BOOKMARK [3][-]{section*.72}{\376\377\000P\000r\000e\000s\000s\000u\000r\000e\000\040\000\050\000F\000o\000r\000m\000/\000P\000r\000o\000f\000i\000l\000e\000\051\000\040\000D\000r\000a\000g}{section*.69}% 59
\BOOKMARK [3][-]{section*.81}{\376\377\000W\000a\000v\000e\000\040\000D\000r\000a\000g}{section*.69}% 60
\BOOKMARK [3][-]{section*.82}{\376\377\000B\000o\000a\000t\000-\000T\000a\000i\000l\000\040\000D\000r\000a\000g}{section*.69}% 61
\BOOKMARK [2][-]{section*.83}{\376\377\000A\000d\000d\000i\000t\000i\000o\000n\000a\000l\000\040\000D\000r\000a\000g\000\040\000a\000t\000\040\000A\000n\000g\000l\000e\000\040\000o\000f\000\040\000A\000t\000t\000a\000c\000k}{section*.59}% 62
\BOOKMARK [3][-]{section*.84}{\376\377\000R\000o\000c\000k\000e\000t\000\040\000B\000o\000d\000y\000\040\000D\000r\000a\000g\000\040\000a\000t\000\040\000A\000n\000g\000l\000e\000\040\000o\000f\000\040\000A\000t\000t\000a\000c\000k}{section*.83}% 63
