\BOOKMARK [2][-]{section*.4}{\376\377\000L\000i\000s\000t\000\040\000o\000f\000\040\000A\000b\000b\000r\000e\000v\000i\000a\000t\000i\000o\000n\000s}{}% 1
\BOOKMARK [1][-]{section*.5}{\376\377\000E\000n\000g\000i\000n\000e\000e\000r\000i\000n\000g\000\040\000S\000i\000m\000u\000l\000a\000t\000i\000o\000n\000\040\000f\000o\000r\000\040\000R\000o\000c\000k\000e\000t\000\040\000F\000l\000i\000g\000h\000t\000\040\000A\000n\000a\000l\000y\000s\000i\000s}{}% 2
\BOOKMARK [2][-]{section*.6}{\376\377\000O\000v\000e\000r\000v\000i\000e\000w}{section*.5}% 3
\BOOKMARK [2][-]{section*.7}{\376\377\000D\000e\000f\000i\000n\000i\000t\000i\000o\000n\000\040\000o\000f\000\040\000t\000h\000e\000\040\000P\000r\000o\000b\000l\000e\000m}{section*.5}% 4
\BOOKMARK [2][-]{section*.8}{\376\377\000R\000e\000q\000u\000i\000r\000e\000m\000e\000n\000t\000s}{section*.5}% 5
\BOOKMARK [2][-]{section*.9}{\376\377\000P\000r\000o\000b\000l\000e\000m\000\040\000S\000o\000l\000v\000i\000n\000g\000\040\000A\000p\000p\000r\000o\000a\000c\000h}{section*.5}% 6
\BOOKMARK [3][-]{section*.10}{\376\377\000K\000i\000n\000e\000m\000a\000t\000i\000c\000s}{section*.9}% 7
\BOOKMARK [3][-]{section*.11}{\376\377\000D\000y\000n\000a\000m\000i\000c\000s}{section*.9}% 8
\BOOKMARK [3][-]{section*.12}{\376\377\000D\000e\000c\000o\000u\000p\000l\000i\000n\000g\000\040\000t\000h\000e\000\040\000M\000o\000d\000e\000l}{section*.9}% 9
\BOOKMARK [2][-]{section*.13}{\376\377\000A\000s\000s\000u\000m\000p\000t\000i\000o\000n\000s}{section*.5}% 10
\BOOKMARK [1][-]{section*.14}{\376\377\000I\000n\000p\000u\000t\000\040\000P\000a\000r\000a\000m\000e\000t\000e\000r\000s}{}% 11
\BOOKMARK [2][-]{section*.15}{\376\377\000S\000t\000a\000t\000i\000c\000\040\000P\000a\000r\000a\000m\000e\000t\000e\000r\000s}{section*.14}% 12
\BOOKMARK [2][-]{section*.16}{\376\377\000D\000y\000n\000a\000m\000i\000c\000\040\000P\000a\000r\000a\000m\000e\000t\000e\000r\000s}{section*.14}% 13
\BOOKMARK [3][-]{section*.17}{\376\377\000F\000o\000r\000c\000e}{section*.16}% 14
\BOOKMARK [3][-]{section*.18}{\376\377\000I\000m\000p\000u\000l\000s\000e}{section*.16}% 15
\BOOKMARK [3][-]{section*.19}{\376\377\000T\000h\000r\000u\000s\000t}{section*.16}% 16
\BOOKMARK [3][-]{section*.20}{\376\377\000M\000a\000s\000s\000\040\000F\000l\000o\000w\000\040\000R\000a\000t\000e}{section*.16}% 17
\BOOKMARK [3][-]{section*.23}{\376\377\000W\000e\000i\000g\000h\000t}{section*.16}% 18
\BOOKMARK [3][-]{section*.24}{\376\377\000C\000e\000n\000t\000e\000r\000\040\000o\000f\000\040\000G\000r\000a\000v\000i\000t\000y}{section*.16}% 19
\BOOKMARK [3][-]{section*.25}{\376\377\000M\000o\000m\000e\000n\000t\000s\000\040\000o\000f\000\040\000I\000n\000e\000r\000t\000i\000a}{section*.16}% 20
\BOOKMARK [2][-]{section*.27}{\376\377\000M\000o\000d\000e\000l\000\040\000R\000e\000f\000e\000r\000e\000n\000c\000i\000n\000g}{section*.14}% 21
