\BOOKMARK [1][-]{section*.5}{\376\377\000L\000i\000s\000t\000\040\000o\000f\000\040\000A\000b\000b\000r\000e\000v\000i\000a\000t\000i\000o\000n\000s}{}% 1
\BOOKMARK [0][-]{chapter.1}{\376\377\000E\000n\000g\000i\000n\000e\000e\000r\000i\000n\000g\000\040\000S\000i\000m\000u\000l\000a\000t\000i\000o\000n\000\040\000f\000o\000r\000\040\000R\000o\000c\000k\000e\000t\000\040\000F\000l\000i\000g\000h\000t\000\040\000A\000n\000a\000l\000y\000s\000i\000s}{}% 2
\BOOKMARK [1][-]{section*.6}{\376\377\000O\000v\000e\000r\000v\000i\000e\000w}{chapter.1}% 3
\BOOKMARK [1][-]{section*.7}{\376\377\000D\000e\000f\000i\000n\000i\000t\000i\000o\000n\000\040\000o\000f\000\040\000t\000h\000e\000\040\000P\000r\000o\000b\000l\000e\000m}{chapter.1}% 4
\BOOKMARK [1][-]{section*.8}{\376\377\000R\000e\000q\000u\000i\000r\000e\000m\000e\000n\000t\000s}{chapter.1}% 5
\BOOKMARK [1][-]{section*.9}{\376\377\000V\000a\000l\000i\000d\000a\000t\000i\000o\000n}{chapter.1}% 6
\BOOKMARK [1][-]{section*.10}{\376\377\000P\000r\000o\000b\000l\000e\000m\000\040\000S\000o\000l\000v\000i\000n\000g\000\040\000A\000p\000p\000r\000o\000a\000c\000h}{chapter.1}% 7
\BOOKMARK [2][-]{section*.11}{\376\377\000K\000i\000n\000e\000m\000a\000t\000i\000c\000s}{section*.10}% 8
\BOOKMARK [2][-]{section*.12}{\376\377\000D\000y\000n\000a\000m\000i\000c\000s}{section*.10}% 9
\BOOKMARK [2][-]{section*.13}{\376\377\000D\000e\000c\000o\000u\000p\000l\000i\000n\000g\000\040\000t\000h\000e\000\040\000M\000o\000d\000e\000l}{section*.10}% 10
\BOOKMARK [1][-]{section*.14}{\376\377\000A\000s\000s\000u\000m\000p\000t\000i\000o\000n\000s}{chapter.1}% 11
\BOOKMARK [0][-]{chapter.2}{\376\377\000I\000n\000p\000u\000t\000\040\000P\000a\000r\000a\000m\000e\000t\000e\000r\000s}{}% 12
\BOOKMARK [1][-]{section*.15}{\376\377\000A\000t\000m\000o\000s\000p\000h\000e\000r\000i\000c\000\040\000M\000o\000d\000e\000l}{chapter.2}% 13
\BOOKMARK [2][-]{section*.16}{\376\377\000V\000i\000s\000c\000o\000s\000i\000t\000y}{section*.15}% 14
\BOOKMARK [2][-]{section*.17}{\376\377\000P\000r\000e\000v\000i\000o\000u\000s\000\040\000W\000o\000r\000k}{section*.15}% 15
\BOOKMARK [1][-]{section*.18}{\376\377\000S\000t\000a\000t\000i\000c\000\040\000P\000a\000r\000a\000m\000e\000t\000e\000r\000s}{chapter.2}% 16
\BOOKMARK [1][-]{section*.19}{\376\377\000D\000y\000n\000a\000m\000i\000c\000\040\000P\000a\000r\000a\000m\000e\000t\000e\000r\000s}{chapter.2}% 17
\BOOKMARK [2][-]{section*.20}{\376\377\000F\000o\000r\000c\000e}{section*.19}% 18
\BOOKMARK [2][-]{section*.21}{\376\377\000I\000m\000p\000u\000l\000s\000e}{section*.19}% 19
\BOOKMARK [2][-]{section*.22}{\376\377\000T\000h\000r\000u\000s\000t}{section*.19}% 20
\BOOKMARK [2][-]{section*.23}{\376\377\000M\000a\000s\000s\000\040\000F\000l\000o\000w\000\040\000R\000a\000t\000e}{section*.19}% 21
\BOOKMARK [2][-]{section*.27}{\376\377\000W\000e\000i\000g\000h\000t}{section*.19}% 22
