\BOOKMARK [1][-]{section*.4}{\376\377\000L\000i\000s\000t\000\040\000o\000f\000\040\000A\000b\000b\000r\000e\000v\000i\000a\000t\000i\000o\000n\000s}{}% 1
\BOOKMARK [0][-]{chapter.1}{\376\377\000E\000n\000g\000i\000n\000e\000e\000r\000i\000n\000g\000\040\000S\000i\000m\000u\000l\000a\000t\000i\000o\000n\000\040\000f\000o\000r\000\040\000R\000o\000c\000k\000e\000t\000\040\000F\000l\000i\000g\000h\000t\000\040\000A\000n\000a\000l\000y\000s\000i\000s}{}% 2
\BOOKMARK [1][-]{section*.5}{\376\377\000O\000v\000e\000r\000v\000i\000e\000w}{chapter.1}% 3
\BOOKMARK [1][-]{section*.6}{\376\377\000D\000e\000f\000i\000n\000i\000t\000i\000o\000n\000\040\000o\000f\000\040\000t\000h\000e\000\040\000P\000r\000o\000b\000l\000e\000m}{chapter.1}% 4
\BOOKMARK [1][-]{section*.7}{\376\377\000R\000e\000q\000u\000i\000r\000e\000m\000e\000n\000t\000s}{chapter.1}% 5
\BOOKMARK [1][-]{section*.8}{\376\377\000V\000a\000l\000i\000d\000a\000t\000i\000o\000n}{chapter.1}% 6
\BOOKMARK [1][-]{section*.9}{\376\377\000P\000r\000o\000b\000l\000e\000m\000\040\000S\000o\000l\000v\000i\000n\000g\000\040\000A\000p\000p\000r\000o\000a\000c\000h}{chapter.1}% 7
\BOOKMARK [2][-]{section*.10}{\376\377\000K\000i\000n\000e\000m\000a\000t\000i\000c\000s}{section*.9}% 8
\BOOKMARK [2][-]{section*.11}{\376\377\000D\000y\000n\000a\000m\000i\000c\000s}{section*.9}% 9
\BOOKMARK [2][-]{section*.12}{\376\377\000D\000e\000c\000o\000u\000p\000l\000i\000n\000g\000\040\000t\000h\000e\000\040\000M\000o\000d\000e\000l}{section*.9}% 10
\BOOKMARK [1][-]{section*.13}{\376\377\000A\000s\000s\000u\000m\000p\000t\000i\000o\000n\000s}{chapter.1}% 11
\BOOKMARK [0][-]{chapter.2}{\376\377\000I\000n\000p\000u\000t\000\040\000P\000a\000r\000a\000m\000e\000t\000e\000r\000s}{}% 12
\BOOKMARK [1][-]{section*.14}{\376\377\000A\000t\000m\000o\000s\000p\000h\000e\000r\000i\000c\000\040\000M\000o\000d\000e\000l}{chapter.2}% 13
\BOOKMARK [2][-]{section*.15}{\376\377\000V\000i\000s\000c\000o\000s\000i\000t\000y}{section*.14}% 14
\BOOKMARK [2][-]{section*.16}{\376\377\000P\000r\000e\000v\000i\000o\000u\000s\000\040\000W\000o\000r\000k}{section*.14}% 15
\BOOKMARK [1][-]{section*.17}{\376\377\000S\000t\000a\000t\000i\000c\000\040\000P\000a\000r\000a\000m\000e\000t\000e\000r\000s}{chapter.2}% 16
\BOOKMARK [1][-]{section*.18}{\376\377\000D\000y\000n\000a\000m\000i\000c\000\040\000P\000a\000r\000a\000m\000e\000t\000e\000r\000s}{chapter.2}% 17
\BOOKMARK [2][-]{section*.19}{\376\377\000F\000o\000r\000c\000e}{section*.18}% 18
\BOOKMARK [2][-]{section*.20}{\376\377\000I\000m\000p\000u\000l\000s\000e}{section*.18}% 19
\BOOKMARK [2][-]{section*.21}{\376\377\000T\000h\000r\000u\000s\000t}{section*.18}% 20
\BOOKMARK [2][-]{section*.22}{\376\377\000M\000a\000s\000s\000\040\000F\000l\000o\000w\000\040\000R\000a\000t\000e}{section*.18}% 21
\BOOKMARK [2][-]{section*.26}{\376\377\000W\000e\000i\000g\000h\000t}{section*.18}% 22
\BOOKMARK [2][-]{section*.27}{\376\377\000C\000e\000n\000t\000e\000r\000\040\000o\000f\000\040\000G\000r\000a\000v\000i\000t\000y}{section*.18}% 23
\BOOKMARK [2][-]{section*.28}{\376\377\000M\000o\000m\000e\000n\000t\000s\000\040\000o\000f\000\040\000I\000n\000e\000r\000t\000i\000a}{section*.18}% 24
\BOOKMARK [2][-]{section*.30}{\376\377\000C\000e\000n\000t\000e\000r\000\040\000o\000f\000\040\000P\000r\000e\000s\000s\000u\000r\000e}{section*.18}% 25
\BOOKMARK [0][-]{chapter.3}{\376\377\000T\000h\000e\000\040\000B\000a\000r\000r\000o\000w\000m\000a\000n\000\040\000M\000e\000t\000h\000o\000d}{}% 26
\BOOKMARK [1][-]{section*.31}{\376\377\000S\000t\000a\000b\000i\000l\000i\000t\000y\000\040\000D\000e\000r\000i\000v\000a\000t\000i\000v\000e}{chapter.3}% 27
\BOOKMARK [1][-]{section*.32}{\376\377\000N\000o\000s\000e\000\040\000C\000o\000n\000e}{chapter.3}% 28
\BOOKMARK [1][-]{section*.33}{\376\377\000R\000o\000c\000k\000e\000t\000\040\000B\000o\000d\000y}{chapter.3}% 29
\BOOKMARK [1][-]{section*.34}{\376\377\000F\000i\000n\000s}{chapter.3}% 30
\BOOKMARK [1][-]{section*.35}{\376\377\000N\000o\000s\000e\000\040\000C\000o\000n\000e\000\040\000C\000O\000P}{chapter.3}% 31
\BOOKMARK [2][-]{section*.36}{\376\377\000L\000V\000-\000H\000a\000a\000c\000k\000\040\000N\000o\000s\000e\000\040\000C\000o\000n\000e\000\040\000C\000O\000P}{section*.35}% 32
\BOOKMARK [2][-]{section*.37}{\376\377\000V\000o\000n\000\040\000K\000a\000r\000m\000a\000n\000\040\000N\000o\000s\000e\000\040\000C\000o\000n\000e\000\040\000C\000O\000P}{section*.35}% 33
\BOOKMARK [1][-]{section*.40}{\376\377\000R\000o\000c\000k\000e\000t\000\040\000B\000o\000d\000y\000\040\000L\000i\000f\000t\000\040\000C\000o\000r\000r\000e\000c\000t\000i\000o\000n}{chapter.3}% 34
\BOOKMARK [1][-]{section*.41}{\376\377\000T\000r\000a\000n\000s\000o\000n\000i\000c\000\040\000C\000o\000n\000s\000i\000d\000e\000r\000a\000t\000i\000o\000n\000s}{chapter.3}% 35
\BOOKMARK [1][-]{section*.42}{\376\377\000A\000e\000r\000o\000d\000y\000n\000a\000m\000i\000c\000\040\000G\000e\000o\000m\000e\000t\000r\000y}{chapter.3}% 36
\BOOKMARK [2][-]{section*.43}{\376\377\000O\000v\000e\000r\000v\000i\000e\000w}{section*.42}% 37
\BOOKMARK [2][-]{section*.44}{\376\377\000S\000u\000r\000f\000a\000c\000e\000\040\000R\000o\000u\000g\000h\000n\000e\000s\000s}{section*.42}% 38
\BOOKMARK [2][-]{section*.45}{\376\377\000F\000i\000n\000e\000n\000e\000s\000s\000\040\000R\000a\000t\000i\000o}{section*.42}% 39
\BOOKMARK [2][-]{section*.46}{\376\377\000F\000i\000n\000s}{section*.42}% 40
\BOOKMARK [2][-]{section*.47}{\376\377\000A\000e\000r\000o\000d\000y\000n\000a\000m\000i\000c\000\040\000C\000h\000o\000r\000d\000\040\000L\000e\000n\000g\000t\000h\000\040\000o\000f\000\040\000F\000i\000n\000s}{section*.42}% 41
\BOOKMARK [2][-]{section*.48}{\376\377\000A\000r\000e\000a\000s}{section*.42}% 42
\BOOKMARK [1][-]{section*.53}{\376\377\000N\000o\000s\000e\000\040\000P\000r\000o\000f\000i\000l\000e}{chapter.3}% 43
\BOOKMARK [2][-]{section*.54}{\376\377\000V\000o\000n\000\040\000K\000a\000r\000m\000a\000n\000\040\000\050\000H\000a\000a\000c\000k\000\051}{section*.53}% 44
\BOOKMARK [2][-]{section*.55}{\376\377\000A\000e\000r\000o\000d\000y\000n\000a\000m\000i\000c\000\040\000C\000e\000n\000t\000e\000r}{section*.53}% 45
\BOOKMARK [0][-]{chapter.4}{\376\377\000D\000r\000a\000g\000\040\000M\000o\000d\000e\000l}{}% 46
\BOOKMARK [1][-]{section*.56}{\376\377\000M\000a\000c\000h\000\040\000N\000u\000m\000b\000e\000r}{chapter.4}% 47
\BOOKMARK [2][-]{section*.57}{\376\377\000M\000a\000c\000h\000\040\000R\000e\000g\000i\000o\000n\000s}{section*.56}% 48
\BOOKMARK [1][-]{section*.58}{\376\377\000I\000n\000c\000o\000m\000p\000r\000e\000s\000s\000i\000b\000l\000e\000\040\000F\000l\000o\000w}{chapter.4}% 49
\BOOKMARK [1][-]{section*.59}{\376\377\000C\000o\000m\000p\000r\000e\000s\000s\000i\000b\000l\000e\000\040\000F\000l\000o\000w\000\040\000C\000o\000r\000r\000e\000c\000t\000i\000o\000n}{chapter.4}% 50
\BOOKMARK [1][-]{section*.60}{\376\377\000T\000u\000r\000b\000u\000l\000e\000n\000t\000\040\000E\000f\000f\000e\000c\000t\000s}{chapter.4}% 51
\BOOKMARK [1][-]{section*.61}{\376\377\000S\000t\000a\000g\000n\000a\000t\000i\000o\000n\000\040\000P\000r\000e\000s\000s\000u\000r\000e}{chapter.4}% 52
\BOOKMARK [1][-]{section*.62}{\376\377\000R\000e\000y\000n\000o\000l\000d\000s\000\040\000N\000u\000m\000b\000e\000r}{chapter.4}% 53
\BOOKMARK [2][-]{section*.63}{\376\377\000C\000r\000i\000t\000i\000c\000a\000l\000\040\000R\000e\000y\000n\000o\000l\000d\000s\000\040\000N\000u\000m\000b\000e\000r}{section*.62}% 54
\BOOKMARK [2][-]{section*.64}{\376\377\000A\000c\000t\000u\000a\000l\000\040\000R\000e\000y\000n\000o\000l\000d\000s\000\040\000N\000u\000m\000b\000e\000r}{section*.62}% 55
\BOOKMARK [1][-]{section*.65}{\376\377\000D\000r\000a\000g\000\040\000F\000o\000r\000c\000e\000\040\000a\000n\000d\000\040\000C\000o\000e\000f\000f\000i\000c\000i\000e\000n\000t\000s}{chapter.4}% 56
\BOOKMARK [2][-]{section*.66}{\376\377\000V\000i\000s\000c\000o\000u\000s\000\040\000D\000r\000a\000g\000\040\000E\000f\000f\000e\000c\000t\000s}{section*.65}% 57
\BOOKMARK [2][-]{section*.68}{\376\377\000P\000r\000e\000s\000s\000u\000r\000e\000\040\000\050\000F\000o\000r\000m\000/\000P\000r\000o\000f\000i\000l\000e\000\051\000\040\000D\000r\000a\000g}{section*.65}% 58
\BOOKMARK [2][-]{section*.77}{\376\377\000W\000a\000v\000e\000\040\000D\000r\000a\000g}{section*.65}% 59
\BOOKMARK [2][-]{section*.78}{\376\377\000B\000o\000a\000t\000-\000T\000a\000i\000l\000\040\000D\000r\000a\000g}{section*.65}% 60
\BOOKMARK [1][-]{section*.79}{\376\377\000A\000d\000d\000i\000t\000i\000o\000n\000a\000l\000\040\000D\000r\000a\000g\000\040\000a\000t\000\040\000A\000n\000g\000l\000e\000\040\000o\000f\000\040\000A\000t\000t\000a\000c\000k}{chapter.4}% 61
\BOOKMARK [2][-]{section*.80}{\376\377\000R\000o\000c\000k\000e\000t\000\040\000B\000o\000d\000y\000\040\000D\000r\000a\000g\000\040\000a\000t\000\040\000A\000n\000g\000l\000e\000\040\000o\000f\000\040\000A\000t\000t\000a\000c\000k}{section*.79}% 62
\BOOKMARK [2][-]{section*.82}{\376\377\000A\000l\000t\000e\000r\000n\000a\000t\000i\000v\000e\000l\000y}{section*.79}% 63
\BOOKMARK [1][-]{section*.83}{\376\377\000M\000a\000t\000l\000a\000b\000\040\000I\000m\000p\000l\000e\000m\000e\000n\000t\000a\000t\000i\000o\000n}{chapter.4}% 64
\BOOKMARK [2][-]{section*.84}{\376\377\000M\000a\000t\000l\000a\000b\000\040\000V\000a\000l\000i\000d\000a\000t\000i\000o\000n}{section*.83}% 65
\BOOKMARK [0][-]{chapter.5}{\376\377\000P\000o\000i\000n\000t\000-\000M\000a\000s\000s\000\040\000F\000l\000i\000g\000h\000t\000\040\000M\000o\000d\000e\000l}{}% 66
\BOOKMARK [1][-]{section*.85}{\376\377\000W\000e\000a\000t\000h\000e\000r\000c\000o\000c\000k\000i\000n\000g}{chapter.5}% 67
\BOOKMARK [1][-]{section*.86}{\376\377\000A\000l\000t\000i\000t\000u\000d\000e\000\040\000a\000c\000c\000o\000u\000n\000t\000i\000n\000g\000\040\000f\000o\000r\000\040\000f\000l\000i\000g\000h\000t\000\040\000a\000n\000g\000l\000e}{chapter.5}% 68
\BOOKMARK [1][-]{section*.87}{\376\377\000D\000r\000i\000f\000t\000\040\000a\000c\000c\000o\000u\000n\000t\000i\000n\000g\000\040\000f\000o\000r\000\040\000f\000l\000i\000g\000h\000t\000\040\000a\000n\000g\000l\000e}{chapter.5}% 69
\BOOKMARK [0][-]{chapter.6}{\376\377\000R\000i\000g\000i\000d\000-\000B\000o\000d\000y\000\040\000R\000o\000t\000a\000t\000i\000o\000n\000\040\000\050\000P\000i\000t\000c\000h\000,\000\040\000Y\000a\000w\000\051\000\040\000S\000t\000a\000b\000i\000l\000i\000t\000y\000\040\000A\000n\000a\000l\000y\000s\000i\000s}{}% 70
\BOOKMARK [1][-]{section*.88}{\376\377\000O\000v\000e\000r\000v\000i\000e\000w}{chapter.6}% 71
\BOOKMARK [1][-]{section*.89}{\376\377\000L\000o\000n\000g\000i\000t\000u\000d\000i\000n\000a\000l\000\040\000S\000t\000a\000t\000i\000c\000\040\000S\000t\000a\000b\000i\000l\000i\000t\000y\000\040\000M\000a\000r\000g\000i\000n}{chapter.6}% 72
\BOOKMARK [1][-]{section*.90}{\376\377\000R\000e\000q\000u\000i\000r\000e\000m\000e\000n\000t}{chapter.6}% 73
\BOOKMARK [1][-]{section*.91}{\376\377\000A\000s\000s\000u\000m\000p\000t\000i\000o\000n\000s}{chapter.6}% 74
\BOOKMARK [1][-]{section*.92}{\376\377\000D\000e\000f\000i\000n\000i\000t\000i\000o\000n\000\040\000o\000f\000\040\000T\000e\000r\000m\000s}{chapter.6}% 75
\BOOKMARK [2][-]{section*.93}{\376\377\000R\000o\000c\000k\000e\000t\000\040\000N\000o\000r\000m\000a\000l\000\040\000F\000o\000r\000c\000e}{section*.92}% 76
\BOOKMARK [2][-]{section*.94}{\376\377\000C\000o\000r\000r\000e\000c\000t\000i\000v\000e\000\040\000M\000o\000m\000e\000n\000t\000\040\000C\000o\000e\000f\000f\000i\000c\000i\000e\000n\000t}{section*.92}% 77
\BOOKMARK [2][-]{section*.96}{\376\377\000D\000a\000m\000p\000i\000n\000g\000\040\000M\000o\000m\000e\000n\000t\000\040\000C\000o\000e\000f\000f\000i\000c\000i\000e\000n\000t}{section*.92}% 78
\BOOKMARK [1][-]{section*.102}{\376\377\000D\000e\000r\000i\000v\000a\000t\000i\000o\000n\000\040\000o\000f\000\040\000t\000h\000e\000\040\000H\000a\000r\000m\000o\000n\000i\000c\000\040\000M\000o\000t\000i\000o\000n\000\040\000E\000q\000u\000a\000t\000i\000o\000n}{chapter.6}% 79
\BOOKMARK [1][-]{section*.103}{\376\377\000L\000i\000n\000e\000a\000r\000i\000z\000a\000t\000i\000o\000n\000\040\000A\000p\000p\000r\000o\000x\000i\000m\000a\000t\000i\000o\000n}{chapter.6}% 80
\BOOKMARK [1][-]{section*.104}{\376\377\000G\000e\000n\000e\000r\000a\000l\000\040\000H\000o\000m\000o\000g\000e\000n\000e\000o\000u\000s\000\040\000R\000e\000s\000p\000o\000n\000s\000e}{chapter.6}% 81
\BOOKMARK [1][-]{section*.105}{\376\377\000C\000o\000m\000p\000l\000e\000t\000e\000\040\000R\000e\000s\000p\000o\000n\000s\000e\000\040\000t\000o\000\040\000S\000t\000e\000p\000\040\000I\000n\000p\000u\000t}{chapter.6}% 82
\BOOKMARK [1][-]{section*.106}{\376\377\000C\000o\000m\000p\000l\000e\000t\000e\000\040\000R\000e\000s\000p\000o\000n\000s\000e\000\040\000t\000o\000\040\000I\000m\000p\000u\000l\000s\000e\000\040\000I\000n\000p\000u\000t}{chapter.6}% 83
\BOOKMARK [2][-]{section*.107}{\376\377\000D\000e\000l\000t\000a\000-\000D\000i\000r\000a\000c\000\040\000F\000u\000n\000c\000t\000i\000o\000n}{section*.106}% 84
\BOOKMARK [2][-]{section*.108}{\376\377\000C\000o\000n\000v\000o\000l\000u\000t\000i\000o\000n\000\040\000T\000h\000e\000o\000r\000e\000m}{section*.106}% 85
\BOOKMARK [1][-]{section*.109}{\376\377\000S\000t\000e\000a\000d\000y\000\040\000S\000t\000a\000t\000e\000\040\000R\000e\000s\000p\000o\000n\000s\000e\000\040\000t\000o\000\040\000S\000i\000n\000u\000s\000o\000i\000d\000a\000l\000\040\000F\000o\000r\000c\000i\000n\000g}{chapter.6}% 86
\BOOKMARK [2][-]{section*.110}{\376\377\000R\000o\000c\000k\000e\000t\000\040\000D\000a\000m\000p\000i\000n\000g\000\040\000R\000a\000t\000i\000o}{section*.109}% 87
\BOOKMARK [2][-]{section*.114}{\376\377\000R\000o\000c\000k\000e\000t\000\040\000N\000a\000t\000u\000r\000a\000l\000\040\000F\000r\000e\000q\000u\000e\000n\000c\000y}{section*.109}% 88
\BOOKMARK [2][-]{section*.115}{\376\377\000T\000i\000m\000e\000\040\000C\000o\000n\000s\000t\000a\000n\000t\000s\000\040\000o\000f\000\040\000t\000h\000e\000\040\000R\000e\000s\000p\000o\000n\000s\000e}{section*.109}% 89
\BOOKMARK [2][-]{section*.116}{\376\377\000C\000o\000m\000p\000l\000e\000t\000e\000\040\000r\000e\000s\000p\000o\000n\000s\000e\000\040\000t\000o\000\040\000s\000t\000e\000p\000\040\000i\000n\000p\000u\000t}{section*.109}% 90
\BOOKMARK [2][-]{section*.117}{\376\377\000C\000o\000m\000p\000l\000e\000t\000e\000\040\000r\000e\000s\000p\000o\000n\000s\000e\000\040\000t\000o\000\040\000i\000m\000p\000u\000l\000s\000e\000\040\000i\000n\000p\000u\000t}{section*.109}% 91
\BOOKMARK [2][-]{section*.118}{\376\377\000A\000O\000A\000\040\000a\000s\000\040\000a\000\040\000f\000u\000n\000c\000t\000i\000o\000n\000\040\000o\000f\000\040\000v\000e\000l\000o\000c\000i\000t\000y}{section*.109}% 92
\BOOKMARK [2][-]{section*.119}{\376\377\000C\000o\000r\000r\000e\000c\000t\000i\000o\000n\000s}{section*.109}% 93
\BOOKMARK [1][-]{section*.121}{\376\377\000W\000i\000n\000d\000\040\000D\000i\000s\000t\000u\000r\000b\000a\000n\000c\000e}{chapter.6}% 94
\BOOKMARK [2][-]{section*.122}{\376\377\000I\000m\000p\000u\000l\000s\000e\000\040\000D\000i\000s\000t\000u\000r\000b\000a\000n\000c\000e}{section*.121}% 95
\BOOKMARK [2][-]{section*.123}{\376\377\000C\000o\000n\000s\000t\000a\000n\000t\000\040\000D\000i\000s\000t\000u\000r\000b\000a\000n\000c\000e}{section*.121}% 96
\BOOKMARK [1][-]{section*.124}{\376\377\000M\000o\000r\000e\000\040\000R\000e\000a\000d\000i\000n\000g}{chapter.6}% 97
\BOOKMARK [1][-]{section*.125}{\376\377\000S\000o\000l\000v\000e\000r\000\040\000A\000l\000g\000o\000r\000i\000t\000h\000m}{chapter.6}% 98
\BOOKMARK [2][-]{section*.126}{\376\377\000A\000l\000g\000o\000r\000i\000t\000h\000m\000s}{section*.125}% 99
\BOOKMARK [2][-]{section*.130}{\376\377\000R\000u\000n\000g\000e\000-\000K\000u\000t\000t\000a\000-\000F\000e\000h\000l\000b\000e\000r\000g}{section*.125}% 100
\BOOKMARK [0][-]{chapter.7}{\376\377\000V\000a\000l\000i\000d\000a\000t\000i\000o\000n}{}% 101
\BOOKMARK [1][-]{section*.131}{\376\377\000U\000n\000i\000t\000\040\000T\000e\000s\000t\000i\000n\000g}{chapter.7}% 102
\BOOKMARK [1][-]{section*.132}{\376\377\000I\000n\000t\000e\000g\000r\000a\000t\000i\000o\000n\000\040\000T\000e\000s\000t\000i\000n\000g}{chapter.7}% 103
\BOOKMARK [1][-]{section*.133}{\376\377\000S\000y\000s\000t\000e\000m\000\040\000T\000e\000s\000t\000i\000n\000g}{chapter.7}% 104
\BOOKMARK [0][-]{chapter.8}{\376\377\000C\000o\000m\000p\000a\000r\000i\000s\000o\000n\000\040\000w\000i\000t\000h\000\040\000E\000x\000p\000e\000r\000i\000m\000e\000n\000t\000a\000l\000\040\000D\000a\000t\000a}{}% 105
\BOOKMARK [1][-]{section*.134}{\376\377\000I\000S\000A\000\040\000M\000o\000d\000e\000l}{chapter.8}% 106
\BOOKMARK [1][-]{section*.135}{\376\377\000F\000l\000i\000g\000h\000t\000\040\000V\000a\000l\000i\000d\000a\000t\000i\000o\000n}{chapter.8}% 107
\BOOKMARK [2][-]{section*.136}{\376\377\000U\000n\000i\000v\000e\000r\000s\000i\000t\000y\000\040\000o\000f\000\040\000L\000o\000u\000i\000s\000v\000i\000l\000l\000e}{section*.135}% 108
\BOOKMARK [1][-]{section*.137}{\376\377\000F\000l\000i\000g\000h\000t\000\040\000D\000e\000t\000a\000i\000l\000s}{chapter.8}% 109
\BOOKMARK [1][-]{section*.138}{\376\377\000M\000o\000t\000o\000r\000\040\000D\000e\000t\000a\000i\000l\000s}{chapter.8}% 110
\BOOKMARK [1][-]{section*.139}{\376\377\000P\000l\000o\000t\000s}{chapter.8}% 111
\BOOKMARK [2][-]{section*.140}{\376\377\000C\000o\000m\000p\000a\000r\000i\000s\000o\000n\000\040\000w\000i\000t\000h\000\040\000A\000r\000c\000t\000u\000r\000u\000s\000\040\000R\000o\000c\000k\000e\000t}{section*.139}% 112
\BOOKMARK [1][-]{section*.141}{\376\377\000S\000u\000m\000m\000a\000r\000y\000\040\000o\000f\000\040\000C\000o\000m\000p\000a\000r\000i\000s\000o\000n\000\040\000w\000i\000t\000h\000\040\000E\000x\000p\000e\000r\000i\000m\000e\000n\000t\000a\000l\000\040\000D\000a\000t\000a}{chapter.8}% 113
\BOOKMARK [0][-]{chapter.9}{\376\377\000S\000i\000m\000u\000l\000a\000t\000i\000o\000n\000\040\000E\000x\000e\000c\000u\000t\000i\000o\000n}{}% 114
\BOOKMARK [1][-]{section*.142}{\376\377\000S\000i\000m\000u\000l\000a\000t\000i\000o\000n\000\040\000C\000o\000n\000f\000i\000g\000u\000r\000a\000t\000i\000o\000n}{chapter.9}% 115
\BOOKMARK [2][-]{section*.143}{\376\377\000H\000i\000s\000t\000o\000r\000i\000c\000a\000l\000\040\000W\000e\000a\000t\000h\000e\000r\000\040\000D\000a\000t\000a\000\040\000f\000o\000r\000\040\000G\000r\000e\000e\000n\000\040\000R\000i\000v\000e\000r\000,\000\040\000U\000t\000a\000h}{section*.142}% 116
\BOOKMARK [2][-]{section*.144}{\376\377\000G\000e\000n\000e\000r\000a\000l\000\040\000C\000o\000n\000d\000i\000t\000i\000o\000n\000s}{section*.142}% 117
\BOOKMARK [2][-]{section*.145}{\376\377\000B\000e\000s\000t\000\040\000C\000a\000s\000e}{section*.142}% 118
\BOOKMARK [2][-]{section*.146}{\376\377\000W\000o\000r\000s\000t\000\040\000C\000a\000s\000e}{section*.142}% 119
\BOOKMARK [1][-]{section*.147}{\376\377\000S\000i\000m\000u\000l\000a\000t\000i\000o\000n\000\040\000E\000x\000e\000c\000u\000t\000i\000o\000n}{chapter.9}% 120
\BOOKMARK [2][-]{section*.148}{\376\377\000M\000a\000t\000l\000a\000b}{section*.147}% 121
\BOOKMARK [1][-]{section*.150}{\376\377\000O\000b\000s\000e\000r\000v\000a\000t\000i\000o\000n\000s}{chapter.9}% 122
\BOOKMARK [1][-]{section*.151}{\376\377\000S\000i\000m\000u\000l\000a\000t\000i\000o\000n\000\040\000S\000u\000m\000m\000a\000r\000y}{chapter.9}% 123
\BOOKMARK [0][-]{chapter.10}{\376\377\000F\000u\000t\000u\000r\000e\000\040\000E\000n\000h\000a\000n\000c\000e\000m\000e\000n\000t\000s}{}% 124
\BOOKMARK [1][-]{section*.152}{\376\377\000H\000a\000r\000d\000w\000a\000r\000e\000-\000i\000n\000-\000t\000h\000e\000-\000l\000o\000o\000p}{chapter.10}% 125
\BOOKMARK [1][-]{section*.153}{\376\377\000P\000o\000r\000t\000i\000n\000g\000\040\000t\000o\000\040\000P\000y\000t\000h\000o\000n\000\040\000/\000\040\000O\000p\000e\000n\000M\000o\000d\000e\000l\000i\000c\000a}{chapter.10}% 126
\BOOKMARK [1][-]{section*.154}{\376\377\000P\000l\000o\000t\000t\000i\000n\000g\000\040\000w\000i\000t\000h\000\040\000P\000l\000o\000t\000.\000l\000y}{chapter.10}% 127
\BOOKMARK [1][-]{section*.155}{\376\377\000R\000o\000b\000u\000s\000t\000\040\000W\000i\000n\000d\000\040\000M\000o\000d\000e\000l}{chapter.10}% 128
\BOOKMARK [1][-]{section*.158}{\376\377\000T\000h\000r\000u\000s\000t\000C\000u\000r\000v\000e\000.\000o\000r\000g\000\040\000A\000P\000I\000\040\000I\000n\000t\000e\000g\000r\000a\000t\000i\000o\000n}{chapter.10}% 129
\BOOKMARK [1][-]{section*.159}{\376\377\000R\000o\000c\000k\000e\000t\000\040\000O\000r\000i\000e\000n\000t\000a\000t\000i\000o\000n}{chapter.10}% 130
\BOOKMARK [2][-]{section*.160}{\376\377\000R\000o\000t\000a\000t\000i\000o\000n\000s}{section*.159}% 131
\BOOKMARK [2][-]{section*.161}{\376\377\000Q\000u\000a\000t\000e\000r\000n\000i\000o\000n\000s}{section*.159}% 132
\BOOKMARK [2][-]{section*.162}{\376\377\000P\000a\000r\000a\000m\000e\000t\000e\000r\000s\000\040\000n\000e\000e\000d\000e\000d\000\040\000f\000o\000r\000\040\000q\000u\000a\000t\000e\000r\000n\000i\000o\000n\000\040\000a\000n\000a\000l\000y\000s\000i\000s}{section*.159}% 133
\BOOKMARK [2][-]{section*.163}{\376\377\000R\000o\000c\000k\000e\000t\000\040\000M\000o\000m\000e\000n\000t\000s}{section*.159}% 134
\BOOKMARK [2][-]{section*.164}{\376\377\000P\000i\000t\000c\000h\000\040\000M\000o\000m\000e\000n\000t}{section*.159}% 135
\BOOKMARK [2][-]{section*.165}{\376\377\000P\000i\000t\000c\000h\000\040\000M\000o\000m\000e\000n\000t\000\040\000C\000o\000e\000f\000f\000i\000c\000i\000e\000n\000t}{section*.159}% 136
\BOOKMARK [2][-]{section*.166}{\376\377\000F\000i\000n\000-\000s\000e\000t\000\040\000P\000i\000t\000c\000h\000\040\000M\000o\000m\000e\000n\000t\000\040\000C\000o\000e\000f\000f\000i\000c\000i\000e\000n\000t}{section*.159}% 137
\BOOKMARK [2][-]{section*.167}{\376\377\000B\000o\000d\000y\000\040\000T\000u\000b\000e\000\040\000a\000n\000d\000\040\000F\000i\000n\000\040\000S\000e\000t\000\040\000I\000n\000t\000e\000r\000f\000e\000r\000e\000n\000c\000e\000\040\000P\000i\000t\000c\000h\000\040\000M\000o\000m\000e\000n\000t\000\040\000C\000o\000e\000f\000f\000i\000c\000i\000e\000n\000t}{section*.159}% 138
\BOOKMARK [2][-]{section*.168}{\376\377\000B\000a\000r\000r\000o\000w\000m\000a\000n\000\040\000C\000a\000l\000c\000u\000l\000a\000t\000i\000o\000n}{section*.159}% 139
\BOOKMARK [2][-]{section*.169}{\376\377\000F\000i\000n\000a\000l\000\040\000S\000o\000l\000v\000e\000r\000\040\000P\000i\000t\000c\000h\000\040\000M\000o\000m\000e\000n\000t\000\040\000C\000o\000e\000f\000f\000i\000c\000i\000e\000n\000t}{section*.159}% 140
\BOOKMARK [2][-]{section*.170}{\376\377\000P\000i\000t\000c\000h\000\040\000D\000a\000m\000p\000i\000n\000g\000\040\000M\000o\000m\000e\000n\000t}{section*.159}% 141
\BOOKMARK [1][-]{section*.171}{\376\377\000S\000t\000o\000c\000h\000a\000s\000t\000i\000c\000\040\000S\000i\000m\000u\000l\000a\000t\000i\000o\000n\000s}{chapter.10}% 142
\BOOKMARK [0][-]{chapter.11}{\376\377\000C\000o\000n\000v\000e\000n\000t\000i\000o\000n\000s}{}% 143
\BOOKMARK [1][-]{section*.172}{\376\377\000D\000a\000t\000a\000\040\000M\000o\000d\000e\000l}{chapter.11}% 144
\BOOKMARK [2][-]{section*.173}{\376\377\000S\000t\000a\000t\000i\000c\000\040\000P\000a\000r\000a\000m\000e\000t\000e\000r\000s}{section*.172}% 145
\BOOKMARK [2][-]{section*.174}{\376\377\000D\000y\000n\000a\000m\000i\000c\000\040\000P\000a\000r\000a\000m\000e\000t\000e\000r\000s}{section*.172}% 146
\BOOKMARK [1][-]{section*.175}{\376\377\000M\000a\000t\000l\000a\000b\000\040\000C\000o\000n\000v\000e\000n\000t\000i\000o\000n\000s}{chapter.11}% 147
\BOOKMARK [1][-]{section*.176}{\376\377\000M\000a\000t\000l\000a\000b\000/\000S\000i\000m\000u\000l\000i\000n\000k\000\040\000L\000i\000b\000r\000a\000r\000i\000e\000s}{chapter.11}% 148
\BOOKMARK [1][-]{section*.177}{\376\377\000O\000v\000e\000r\000v\000i\000e\000w}{chapter.11}% 149
\BOOKMARK [1][-]{section*.178}{\376\377\000C\000r\000e\000a\000t\000i\000n\000g\000\040\000a\000\040\000L\000i\000b\000r\000a\000r\000y}{chapter.11}% 150
\BOOKMARK [1][-]{section*.179}{\376\377\000A\000d\000d\000\040\000t\000o\000\040\000p\000a\000t\000h}{chapter.11}% 151
\BOOKMARK [1][-]{section*.180}{\376\377\000A\000d\000d\000\040\000t\000o\000\040\000L\000i\000b\000r\000a\000r\000y\000\040\000B\000r\000o\000w\000s\000e\000r}{chapter.11}% 152
\BOOKMARK [1][-]{section*.181}{\376\377\000A\000l\000g\000e\000b\000r\000a\000i\000c\000\040\000L\000o\000o\000p\000s}{chapter.11}% 153
\BOOKMARK [1][-]{section*.182}{\376\377\000I\000m\000p\000o\000r\000t\000i\000n\000g\000\040\000D\000a\000t\000a}{chapter.11}% 154
\BOOKMARK [2][-]{section*.183}{\376\377\000F\000r\000o\000m\000\040\000F\000i\000l\000e}{section*.182}% 155
\BOOKMARK [1][-]{section*.187}{\376\377\000V\000e\000r\000s\000i\000o\000n\000i\000n\000g\000\040\000f\000o\000r\000\040\000M\000a\000t\000l\000a\000b\000\040\000F\000i\000l\000e\000s}{chapter.11}% 156
\BOOKMARK [2][-]{section*.188}{\376\377\000B\000a\000c\000k\000g\000r\000o\000u\000n\000d}{section*.187}% 157
\BOOKMARK [2][-]{section*.190}{\376\377\000V\000e\000r\000s\000i\000o\000n\000i\000n\000g\000\040\000f\000o\000r\000\040\000L\000i\000b\000r\000a\000r\000i\000e\000s}{section*.187}% 158
\BOOKMARK [2][-]{section*.191}{\376\377\000U\000n\000i\000t\000\040\000T\000e\000s\000t\000i\000n\000g}{section*.187}% 159
\BOOKMARK [1][-]{section*.194}{\376\377\000E\000x\000p\000o\000r\000t\000i\000n\000g\000\040\000I\000m\000a\000g\000e\000s}{chapter.11}% 160
\BOOKMARK [2][-]{section*.195}{\376\377\000G\000h\000o\000s\000t\000S\000c\000r\000i\000p\000t}{section*.194}% 161
\BOOKMARK [2][-]{section*.196}{\376\377\000G\000h\000o\000s\000t\000S\000c\000r\000i\000p\000t\000\040\000a\000n\000d\000\040\000G\000I\000M\000P}{section*.194}% 162
\BOOKMARK [2][-]{section*.197}{\376\377\000E\000x\000p\000o\000r\000t\000i\000n\000g\000\040\000F\000i\000g\000u\000r\000e\000s}{section*.194}% 163
\BOOKMARK [2][-]{section*.198}{\376\377\000E\000x\000p\000o\000r\000t\000i\000n\000g\000\040\000S\000i\000m\000u\000l\000i\000n\000k\000\040\000M\000o\000d\000e\000l\000s}{section*.194}% 164
\BOOKMARK [1][-]{section*.199}{\376\377\000F\000i\000l\000e\000\040\000O\000r\000g\000a\000n\000i\000z\000a\000t\000i\000o\000n}{chapter.11}% 165
\BOOKMARK [2][-]{section*.200}{\376\377\000d\000a\000t\000a}{section*.199}% 166
\BOOKMARK [2][-]{section*.202}{\376\377\000d\000o\000c\000u\000m\000e\000n\000t\000a\000t\000i\000o\000n}{section*.199}% 167
\BOOKMARK [1][-]{section*.211}{\376\377\000N\000a\000m\000i\000n\000g\000\040\000C\000o\000n\000v\000e\000n\000t\000i\000o\000n\000s}{chapter.11}% 168
\BOOKMARK [2][-]{section*.212}{\376\377\000V\000a\000r\000i\000a\000b\000l\000e\000s}{section*.211}% 169
\BOOKMARK [2][-]{section*.213}{\376\377\000F\000u\000n\000c\000t\000i\000o\000n\000s}{section*.211}% 170
\BOOKMARK [2][-]{section*.214}{\376\377\000M\000o\000d\000e\000l\000s}{section*.211}% 171
\BOOKMARK [2][-]{section*.215}{\376\377\000L\000i\000b\000r\000a\000r\000i\000e\000s}{section*.211}% 172
\BOOKMARK [0][-]{chapter.12}{\376\377\000D\000o\000c\000u\000m\000e\000n\000t\000a\000t\000i\000o\000n\000\040\000C\000o\000n\000v\000e\000n\000t\000i\000o\000n\000s}{}% 173
\BOOKMARK [1][-]{section*.216}{\376\377\000M\000a\000r\000k\000d\000o\000w\000n}{chapter.12}% 174
\BOOKMARK [1][-]{section*.217}{\376\377\000P\000y\000t\000h\000o\000n}{chapter.12}% 175
\BOOKMARK [1][-]{section*.218}{\376\377\000P\000a\000n\000d\000o\000c}{chapter.12}% 176
\BOOKMARK [1][-]{section*.219}{\376\377\000H\000a\000s\000k\000e\000l\000l}{chapter.12}% 177
\BOOKMARK [1][-]{section*.220}{\376\377\000L\000a\000T\000e\000X}{chapter.12}% 178
\BOOKMARK [1][-]{section*.221}{\376\377\000C\000i\000t\000a\000t\000i\000o\000n\000s}{chapter.12}% 179
\BOOKMARK [1][-]{section*.222}{\376\377\000E\000q\000u\000a\000t\000i\000o\000n\000s}{chapter.12}% 180
\BOOKMARK [1][-]{section*.223}{\376\377\000F\000i\000g\000u\000r\000e\000s}{chapter.12}% 181
\BOOKMARK [1][-]{section*.224}{\376\377\000T\000a\000b\000l\000e\000s}{chapter.12}% 182
\BOOKMARK [0][-]{chapter*.225}{\376\377\000R\000e\000f\000e\000r\000e\000n\000c\000e\000s}{}% 183
