\BOOKMARK [1][-]{section*.5}{\376\377\000L\000i\000s\000t\000\040\000o\000f\000\040\000A\000b\000b\000r\000e\000v\000i\000a\000t\000i\000o\000n\000s}{}% 1
\BOOKMARK [0][-]{chapter.1}{\376\377\000E\000n\000g\000i\000n\000e\000e\000r\000i\000n\000g\000\040\000S\000i\000m\000u\000l\000a\000t\000i\000o\000n\000\040\000f\000o\000r\000\040\000R\000o\000c\000k\000e\000t\000\040\000F\000l\000i\000g\000h\000t\000\040\000A\000n\000a\000l\000y\000s\000i\000s}{}% 2
\BOOKMARK [1][-]{section*.6}{\376\377\000O\000v\000e\000r\000v\000i\000e\000w}{chapter.1}% 3
\BOOKMARK [1][-]{section*.7}{\376\377\000D\000e\000f\000i\000n\000i\000t\000i\000o\000n\000\040\000o\000f\000\040\000t\000h\000e\000\040\000P\000r\000o\000b\000l\000e\000m}{chapter.1}% 4
\BOOKMARK [1][-]{section*.8}{\376\377\000R\000e\000q\000u\000i\000r\000e\000m\000e\000n\000t\000s}{chapter.1}% 5
\BOOKMARK [1][-]{section*.9}{\376\377\000V\000a\000l\000i\000d\000a\000t\000i\000o\000n}{chapter.1}% 6
\BOOKMARK [1][-]{section*.10}{\376\377\000P\000r\000o\000b\000l\000e\000m\000\040\000S\000o\000l\000v\000i\000n\000g\000\040\000A\000p\000p\000r\000o\000a\000c\000h}{chapter.1}% 7
\BOOKMARK [2][-]{section*.11}{\376\377\000K\000i\000n\000e\000m\000a\000t\000i\000c\000s}{section*.10}% 8
\BOOKMARK [2][-]{section*.12}{\376\377\000D\000y\000n\000a\000m\000i\000c\000s}{section*.10}% 9
\BOOKMARK [2][-]{section*.13}{\376\377\000D\000e\000c\000o\000u\000p\000l\000i\000n\000g\000\040\000t\000h\000e\000\040\000M\000o\000d\000e\000l}{section*.10}% 10
\BOOKMARK [1][-]{section*.14}{\376\377\000A\000s\000s\000u\000m\000p\000t\000i\000o\000n\000s}{chapter.1}% 11
\BOOKMARK [0][-]{chapter.2}{\376\377\000I\000n\000p\000u\000t\000\040\000P\000a\000r\000a\000m\000e\000t\000e\000r\000s}{}% 12
\BOOKMARK [1][-]{section*.15}{\376\377\000A\000t\000m\000o\000s\000p\000h\000e\000r\000i\000c\000\040\000M\000o\000d\000e\000l}{chapter.2}% 13
\BOOKMARK [2][-]{section*.16}{\376\377\000V\000i\000s\000c\000o\000s\000i\000t\000y}{section*.15}% 14
\BOOKMARK [2][-]{section*.17}{\376\377\000P\000r\000e\000v\000i\000o\000u\000s\000\040\000W\000o\000r\000k}{section*.15}% 15
\BOOKMARK [1][-]{section*.18}{\376\377\000S\000t\000a\000t\000i\000c\000\040\000P\000a\000r\000a\000m\000e\000t\000e\000r\000s}{chapter.2}% 16
\BOOKMARK [1][-]{section*.19}{\376\377\000D\000y\000n\000a\000m\000i\000c\000\040\000P\000a\000r\000a\000m\000e\000t\000e\000r\000s}{chapter.2}% 17
\BOOKMARK [2][-]{section*.20}{\376\377\000F\000o\000r\000c\000e}{section*.19}% 18
\BOOKMARK [2][-]{section*.21}{\376\377\000I\000m\000p\000u\000l\000s\000e}{section*.19}% 19
\BOOKMARK [2][-]{section*.22}{\376\377\000T\000h\000r\000u\000s\000t}{section*.19}% 20
\BOOKMARK [2][-]{section*.23}{\376\377\000M\000a\000s\000s\000\040\000F\000l\000o\000w\000\040\000R\000a\000t\000e}{section*.19}% 21
\BOOKMARK [2][-]{section*.27}{\376\377\000W\000e\000i\000g\000h\000t}{section*.19}% 22
\BOOKMARK [2][-]{section*.28}{\376\377\000C\000e\000n\000t\000e\000r\000\040\000o\000f\000\040\000G\000r\000a\000v\000i\000t\000y}{section*.19}% 23
\BOOKMARK [2][-]{section*.29}{\376\377\000M\000o\000m\000e\000n\000t\000s\000\040\000o\000f\000\040\000I\000n\000e\000r\000t\000i\000a}{section*.19}% 24
\BOOKMARK [2][-]{section*.31}{\376\377\000C\000e\000n\000t\000e\000r\000\040\000o\000f\000\040\000P\000r\000e\000s\000s\000u\000r\000e}{section*.19}% 25
\BOOKMARK [0][-]{chapter.3}{\376\377\000T\000h\000e\000\040\000B\000a\000r\000r\000o\000w\000m\000a\000n\000\040\000M\000e\000t\000h\000o\000d}{}% 26
\BOOKMARK [1][-]{section*.32}{\376\377\000S\000t\000a\000b\000i\000l\000i\000t\000y\000\040\000D\000e\000r\000i\000v\000a\000t\000i\000v\000e}{chapter.3}% 27
\BOOKMARK [1][-]{section*.33}{\376\377\000N\000o\000s\000e\000\040\000C\000o\000n\000e}{chapter.3}% 28
\BOOKMARK [1][-]{section*.34}{\376\377\000R\000o\000c\000k\000e\000t\000\040\000B\000o\000d\000y}{chapter.3}% 29
\BOOKMARK [1][-]{section*.35}{\376\377\000F\000i\000n\000s}{chapter.3}% 30
\BOOKMARK [1][-]{section*.36}{\376\377\000N\000o\000s\000e\000\040\000C\000o\000n\000e\000\040\000C\000O\000P}{chapter.3}% 31
\BOOKMARK [2][-]{section*.37}{\376\377\000L\000V\000-\000H\000a\000a\000c\000k\000\040\000N\000o\000s\000e\000\040\000C\000o\000n\000e\000\040\000C\000O\000P}{section*.36}% 32
\BOOKMARK [2][-]{section*.38}{\376\377\000V\000o\000n\000\040\000K\000a\000r\000m\000a\000n\000\040\000N\000o\000s\000e\000\040\000C\000o\000n\000e\000\040\000C\000O\000P}{section*.36}% 33
\BOOKMARK [1][-]{section*.41}{\376\377\000R\000o\000c\000k\000e\000t\000\040\000B\000o\000d\000y\000\040\000L\000i\000f\000t\000\040\000C\000o\000r\000r\000e\000c\000t\000i\000o\000n}{chapter.3}% 34
\BOOKMARK [1][-]{section*.42}{\376\377\000T\000r\000a\000n\000s\000o\000n\000i\000c\000\040\000C\000o\000n\000s\000i\000d\000e\000r\000a\000t\000i\000o\000n\000s}{chapter.3}% 35
\BOOKMARK [1][-]{section*.43}{\376\377\000A\000e\000r\000o\000d\000y\000n\000a\000m\000i\000c\000\040\000G\000e\000o\000m\000e\000t\000r\000y}{chapter.3}% 36
\BOOKMARK [2][-]{section*.44}{\376\377\000O\000v\000e\000r\000v\000i\000e\000w}{section*.43}% 37
\BOOKMARK [2][-]{section*.45}{\376\377\000S\000u\000r\000f\000a\000c\000e\000\040\000R\000o\000u\000g\000h\000n\000e\000s\000s}{section*.43}% 38
\BOOKMARK [2][-]{section*.46}{\376\377\000F\000i\000n\000e\000n\000e\000s\000s\000\040\000R\000a\000t\000i\000o}{section*.43}% 39
\BOOKMARK [2][-]{section*.47}{\376\377\000F\000i\000n\000s}{section*.43}% 40
\BOOKMARK [2][-]{section*.48}{\376\377\000A\000e\000r\000o\000d\000y\000n\000a\000m\000i\000c\000\040\000C\000h\000o\000r\000d\000\040\000L\000e\000n\000g\000t\000h\000\040\000o\000f\000\040\000F\000i\000n\000s}{section*.43}% 41
\BOOKMARK [2][-]{section*.49}{\376\377\000A\000r\000e\000a\000s}{section*.43}% 42
\BOOKMARK [1][-]{section*.54}{\376\377\000N\000o\000s\000e\000\040\000P\000r\000o\000f\000i\000l\000e}{chapter.3}% 43
\BOOKMARK [2][-]{section*.55}{\376\377\000V\000o\000n\000\040\000K\000a\000r\000m\000a\000n\000\040\000\050\000H\000a\000a\000c\000k\000\051}{section*.54}% 44
\BOOKMARK [2][-]{section*.56}{\376\377\000A\000e\000r\000o\000d\000y\000n\000a\000m\000i\000c\000\040\000C\000e\000n\000t\000e\000r}{section*.54}% 45
\BOOKMARK [0][-]{chapter.4}{\376\377\000D\000r\000a\000g\000\040\000M\000o\000d\000e\000l}{}% 46
\BOOKMARK [1][-]{section*.57}{\376\377\000M\000a\000c\000h\000\040\000N\000u\000m\000b\000e\000r}{chapter.4}% 47
\BOOKMARK [2][-]{section*.58}{\376\377\000M\000a\000c\000h\000\040\000R\000e\000g\000i\000o\000n\000s}{section*.57}% 48
\BOOKMARK [1][-]{section*.59}{\376\377\000I\000n\000c\000o\000m\000p\000r\000e\000s\000s\000i\000b\000l\000e\000\040\000F\000l\000o\000w}{chapter.4}% 49
\BOOKMARK [1][-]{section*.60}{\376\377\000C\000o\000m\000p\000r\000e\000s\000s\000i\000b\000l\000e\000\040\000F\000l\000o\000w\000\040\000C\000o\000r\000r\000e\000c\000t\000i\000o\000n}{chapter.4}% 50
\BOOKMARK [1][-]{section*.61}{\376\377\000T\000u\000r\000b\000u\000l\000e\000n\000t\000\040\000E\000f\000f\000e\000c\000t\000s}{chapter.4}% 51
\BOOKMARK [1][-]{section*.62}{\376\377\000S\000t\000a\000g\000n\000a\000t\000i\000o\000n\000\040\000P\000r\000e\000s\000s\000u\000r\000e}{chapter.4}% 52
\BOOKMARK [1][-]{section*.63}{\376\377\000R\000e\000y\000n\000o\000l\000d\000s\000\040\000N\000u\000m\000b\000e\000r}{chapter.4}% 53
\BOOKMARK [2][-]{section*.64}{\376\377\000C\000r\000i\000t\000i\000c\000a\000l\000\040\000R\000e\000y\000n\000o\000l\000d\000s\000\040\000N\000u\000m\000b\000e\000r}{section*.63}% 54
\BOOKMARK [2][-]{section*.65}{\376\377\000A\000c\000t\000u\000a\000l\000\040\000R\000e\000y\000n\000o\000l\000d\000s\000\040\000N\000u\000m\000b\000e\000r}{section*.63}% 55
\BOOKMARK [1][-]{section*.66}{\376\377\000D\000r\000a\000g\000\040\000F\000o\000r\000c\000e\000\040\000a\000n\000d\000\040\000C\000o\000e\000f\000f\000i\000c\000i\000e\000n\000t\000s}{chapter.4}% 56
\BOOKMARK [2][-]{section*.67}{\376\377\000V\000i\000s\000c\000o\000u\000s\000\040\000D\000r\000a\000g\000\040\000E\000f\000f\000e\000c\000t\000s}{section*.66}% 57
\BOOKMARK [2][-]{section*.69}{\376\377\000P\000r\000e\000s\000s\000u\000r\000e\000\040\000\050\000F\000o\000r\000m\000/\000P\000r\000o\000f\000i\000l\000e\000\051\000\040\000D\000r\000a\000g}{section*.66}% 58
\BOOKMARK [2][-]{section*.78}{\376\377\000W\000a\000v\000e\000\040\000D\000r\000a\000g}{section*.66}% 59
\BOOKMARK [2][-]{section*.79}{\376\377\000B\000o\000a\000t\000-\000T\000a\000i\000l\000\040\000D\000r\000a\000g}{section*.66}% 60
\BOOKMARK [1][-]{section*.80}{\376\377\000A\000d\000d\000i\000t\000i\000o\000n\000a\000l\000\040\000D\000r\000a\000g\000\040\000a\000t\000\040\000A\000n\000g\000l\000e\000\040\000o\000f\000\040\000A\000t\000t\000a\000c\000k}{chapter.4}% 61
\BOOKMARK [2][-]{section*.81}{\376\377\000R\000o\000c\000k\000e\000t\000\040\000B\000o\000d\000y\000\040\000D\000r\000a\000g\000\040\000a\000t\000\040\000A\000n\000g\000l\000e\000\040\000o\000f\000\040\000A\000t\000t\000a\000c\000k}{section*.80}% 62
\BOOKMARK [2][-]{section*.83}{\376\377\000A\000l\000t\000e\000r\000n\000a\000t\000i\000v\000e\000l\000y}{section*.80}% 63
\BOOKMARK [1][-]{section*.84}{\376\377\000M\000a\000t\000l\000a\000b\000\040\000I\000m\000p\000l\000e\000m\000e\000n\000t\000a\000t\000i\000o\000n}{chapter.4}% 64
\BOOKMARK [2][-]{section*.85}{\376\377\000M\000a\000t\000l\000a\000b\000\040\000V\000a\000l\000i\000d\000a\000t\000i\000o\000n}{section*.84}% 65
\BOOKMARK [0][-]{chapter.5}{\376\377\000P\000o\000i\000n\000t\000-\000M\000a\000s\000s\000\040\000F\000l\000i\000g\000h\000t\000\040\000M\000o\000d\000e\000l}{}% 66
\BOOKMARK [1][-]{section*.86}{\376\377\000W\000e\000a\000t\000h\000e\000r\000c\000o\000c\000k\000i\000n\000g}{chapter.5}% 67
\BOOKMARK [1][-]{section*.87}{\376\377\000A\000l\000t\000i\000t\000u\000d\000e\000\040\000a\000c\000c\000o\000u\000n\000t\000i\000n\000g\000\040\000f\000o\000r\000\040\000f\000l\000i\000g\000h\000t\000\040\000a\000n\000g\000l\000e}{chapter.5}% 68
\BOOKMARK [1][-]{section*.88}{\376\377\000D\000r\000i\000f\000t\000\040\000a\000c\000c\000o\000u\000n\000t\000i\000n\000g\000\040\000f\000o\000r\000\040\000f\000l\000i\000g\000h\000t\000\040\000a\000n\000g\000l\000e}{chapter.5}% 69
\BOOKMARK [0][-]{chapter.6}{\376\377\000R\000i\000g\000i\000d\000-\000B\000o\000d\000y\000\040\000R\000o\000t\000a\000t\000i\000o\000n\000\040\000\050\000P\000i\000t\000c\000h\000,\000\040\000Y\000a\000w\000\051\000\040\000S\000t\000a\000b\000i\000l\000i\000t\000y\000\040\000A\000n\000a\000l\000y\000s\000i\000s}{}% 70
\BOOKMARK [1][-]{section*.89}{\376\377\000O\000v\000e\000r\000v\000i\000e\000w}{chapter.6}% 71
\BOOKMARK [1][-]{section*.90}{\376\377\000L\000o\000n\000g\000i\000t\000u\000d\000i\000n\000a\000l\000\040\000S\000t\000a\000t\000i\000c\000\040\000S\000t\000a\000b\000i\000l\000i\000t\000y\000\040\000M\000a\000r\000g\000i\000n}{chapter.6}% 72
\BOOKMARK [1][-]{section*.91}{\376\377\000R\000e\000q\000u\000i\000r\000e\000m\000e\000n\000t}{chapter.6}% 73
\BOOKMARK [1][-]{section*.92}{\376\377\000A\000s\000s\000u\000m\000p\000t\000i\000o\000n\000s}{chapter.6}% 74
\BOOKMARK [1][-]{section*.93}{\376\377\000D\000e\000f\000i\000n\000i\000t\000i\000o\000n\000\040\000o\000f\000\040\000T\000e\000r\000m\000s}{chapter.6}% 75
\BOOKMARK [2][-]{section*.94}{\376\377\000R\000o\000c\000k\000e\000t\000\040\000N\000o\000r\000m\000a\000l\000\040\000F\000o\000r\000c\000e}{section*.93}% 76
\BOOKMARK [2][-]{section*.95}{\376\377\000C\000o\000r\000r\000e\000c\000t\000i\000v\000e\000\040\000M\000o\000m\000e\000n\000t\000\040\000C\000o\000e\000f\000f\000i\000c\000i\000e\000n\000t}{section*.93}% 77
\BOOKMARK [2][-]{section*.97}{\376\377\000D\000a\000m\000p\000i\000n\000g\000\040\000M\000o\000m\000e\000n\000t\000\040\000C\000o\000e\000f\000f\000i\000c\000i\000e\000n\000t}{section*.93}% 78
\BOOKMARK [1][-]{section*.103}{\376\377\000D\000e\000r\000i\000v\000a\000t\000i\000o\000n\000\040\000o\000f\000\040\000t\000h\000e\000\040\000H\000a\000r\000m\000o\000n\000i\000c\000\040\000M\000o\000t\000i\000o\000n\000\040\000E\000q\000u\000a\000t\000i\000o\000n}{chapter.6}% 79
\BOOKMARK [1][-]{section*.104}{\376\377\000L\000i\000n\000e\000a\000r\000i\000z\000a\000t\000i\000o\000n\000\040\000A\000p\000p\000r\000o\000x\000i\000m\000a\000t\000i\000o\000n}{chapter.6}% 80
\BOOKMARK [1][-]{section*.105}{\376\377\000G\000e\000n\000e\000r\000a\000l\000\040\000H\000o\000m\000o\000g\000e\000n\000e\000o\000u\000s\000\040\000R\000e\000s\000p\000o\000n\000s\000e}{chapter.6}% 81
\BOOKMARK [1][-]{section*.106}{\376\377\000C\000o\000m\000p\000l\000e\000t\000e\000\040\000R\000e\000s\000p\000o\000n\000s\000e\000\040\000t\000o\000\040\000S\000t\000e\000p\000\040\000I\000n\000p\000u\000t}{chapter.6}% 82
\BOOKMARK [1][-]{section*.107}{\376\377\000C\000o\000m\000p\000l\000e\000t\000e\000\040\000R\000e\000s\000p\000o\000n\000s\000e\000\040\000t\000o\000\040\000I\000m\000p\000u\000l\000s\000e\000\040\000I\000n\000p\000u\000t}{chapter.6}% 83
\BOOKMARK [2][-]{section*.108}{\376\377\000D\000e\000l\000t\000a\000-\000D\000i\000r\000a\000c\000\040\000F\000u\000n\000c\000t\000i\000o\000n}{section*.107}% 84
