\BOOKMARK [2][-]{section*.4}{\376\377\000L\000i\000s\000t\000\040\000o\000f\000\040\000A\000b\000b\000r\000e\000v\000i\000a\000t\000i\000o\000n\000s}{}% 1
\BOOKMARK [1][-]{section*.5}{\376\377\000E\000n\000g\000i\000n\000e\000e\000r\000i\000n\000g\000\040\000S\000i\000m\000u\000l\000a\000t\000i\000o\000n\000\040\000f\000o\000r\000\040\000R\000o\000c\000k\000e\000t\000\040\000F\000l\000i\000g\000h\000t\000\040\000A\000n\000a\000l\000y\000s\000i\000s}{}% 2
\BOOKMARK [2][-]{section*.6}{\376\377\000O\000v\000e\000r\000v\000i\000e\000w}{section*.5}% 3
\BOOKMARK [2][-]{section*.7}{\376\377\000D\000e\000f\000i\000n\000i\000t\000i\000o\000n\000\040\000o\000f\000\040\000t\000h\000e\000\040\000P\000r\000o\000b\000l\000e\000m}{section*.5}% 4
\BOOKMARK [2][-]{section*.8}{\376\377\000R\000e\000q\000u\000i\000r\000e\000m\000e\000n\000t\000s}{section*.5}% 5
\BOOKMARK [2][-]{section*.9}{\376\377\000P\000r\000o\000b\000l\000e\000m\000\040\000S\000o\000l\000v\000i\000n\000g\000\040\000A\000p\000p\000r\000o\000a\000c\000h}{section*.5}% 6
\BOOKMARK [3][-]{section*.10}{\376\377\000K\000i\000n\000e\000m\000a\000t\000i\000c\000s}{section*.9}% 7
\BOOKMARK [3][-]{section*.11}{\376\377\000D\000y\000n\000a\000m\000i\000c\000s}{section*.9}% 8
\BOOKMARK [3][-]{section*.12}{\376\377\000D\000e\000c\000o\000u\000p\000l\000i\000n\000g\000\040\000t\000h\000e\000\040\000M\000o\000d\000e\000l}{section*.9}% 9
\BOOKMARK [2][-]{section*.13}{\376\377\000A\000s\000s\000u\000m\000p\000t\000i\000o\000n\000s}{section*.5}% 10
\BOOKMARK [1][-]{section*.14}{\376\377\000I\000n\000p\000u\000t\000\040\000P\000a\000r\000a\000m\000e\000t\000e\000r\000s}{}% 11
\BOOKMARK [2][-]{section*.15}{\376\377\000S\000t\000a\000t\000i\000c\000\040\000P\000a\000r\000a\000m\000e\000t\000e\000r\000s}{section*.14}% 12
\BOOKMARK [2][-]{section*.16}{\376\377\000D\000y\000n\000a\000m\000i\000c\000\040\000P\000a\000r\000a\000m\000e\000t\000e\000r\000s}{section*.14}% 13
\BOOKMARK [3][-]{section*.17}{\376\377\000F\000o\000r\000c\000e}{section*.16}% 14
\BOOKMARK [3][-]{section*.18}{\376\377\000I\000m\000p\000u\000l\000s\000e}{section*.16}% 15
\BOOKMARK [3][-]{section*.19}{\376\377\000T\000h\000r\000u\000s\000t}{section*.16}% 16
\BOOKMARK [3][-]{section*.20}{\376\377\000M\000a\000s\000s\000\040\000F\000l\000o\000w\000\040\000R\000a\000t\000e}{section*.16}% 17
\BOOKMARK [3][-]{section*.23}{\376\377\000W\000e\000i\000g\000h\000t}{section*.16}% 18
\BOOKMARK [3][-]{section*.24}{\376\377\000C\000e\000n\000t\000e\000r\000\040\000o\000f\000\040\000G\000r\000a\000v\000i\000t\000y}{section*.16}% 19
\BOOKMARK [3][-]{section*.25}{\376\377\000M\000o\000m\000e\000n\000t\000s\000\040\000o\000f\000\040\000I\000n\000e\000r\000t\000i\000a}{section*.16}% 20
\BOOKMARK [2][-]{section*.27}{\376\377\000M\000o\000d\000e\000l\000\040\000R\000e\000f\000e\000r\000e\000n\000c\000i\000n\000g}{section*.14}% 21
\BOOKMARK [2][-]{section*.28}{\376\377\000C\000e\000n\000t\000e\000r\000\040\000o\000f\000\040\000P\000r\000e\000s\000s\000u\000r\000e}{section*.14}% 22
\BOOKMARK [1][-]{section*.29}{\376\377\000T\000h\000e\000\040\000B\000a\000r\000r\000o\000w\000m\000a\000n\000\040\000M\000e\000t\000h\000o\000d}{}% 23
\BOOKMARK [2][-]{section*.30}{\376\377\000S\000t\000a\000b\000i\000l\000i\000t\000y\000\040\000D\000e\000r\000i\000v\000a\000t\000i\000v\000e}{section*.29}% 24
\BOOKMARK [2][-]{section*.31}{\376\377\000N\000o\000s\000e\000\040\000C\000o\000n\000e}{section*.29}% 25
\BOOKMARK [2][-]{section*.32}{\376\377\000R\000o\000c\000k\000e\000t\000\040\000B\000o\000d\000y}{section*.29}% 26
\BOOKMARK [2][-]{section*.33}{\376\377\000F\000i\000n\000s}{section*.29}% 27
\BOOKMARK [2][-]{section*.34}{\376\377\000N\000o\000s\000e\000\040\000C\000o\000n\000e\000\040\000C\000O\000P}{section*.29}% 28
\BOOKMARK [3][-]{section*.35}{\376\377\000L\000V\000-\000H\000a\000a\000c\000k\000\040\000N\000o\000s\000e\000\040\000C\000o\000n\000e\000\040\000C\000O\000P}{section*.34}% 29
\BOOKMARK [3][-]{section*.36}{\376\377\000V\000o\000n\000\040\000K\000a\000r\000m\000a\000n\000\040\000N\000o\000s\000e\000\040\000C\000o\000n\000e\000\040\000C\000O\000P}{section*.34}% 30
\BOOKMARK [2][-]{section*.39}{\376\377\000R\000o\000c\000k\000e\000t\000\040\000B\000o\000d\000y\000\040\000L\000i\000f\000t\000\040\000C\000o\000r\000r\000e\000c\000t\000i\000o\000n}{section*.29}% 31
\BOOKMARK [2][-]{section*.40}{\376\377\000T\000r\000a\000n\000s\000o\000n\000i\000c\000\040\000C\000o\000n\000s\000i\000d\000e\000r\000a\000t\000i\000o\000n\000s}{section*.29}% 32
\BOOKMARK [2][-]{section*.41}{\376\377\000S\000i\000m\000u\000l\000i\000n\000k\000\040\000I\000m\000p\000l\000e\000m\000e\000n\000t\000a\000t\000i\000o\000n}{section*.29}% 33
\BOOKMARK [1][-]{section*.42}{\376\377\000A\000t\000m\000o\000s\000p\000h\000e\000r\000i\000c\000\040\000M\000o\000d\000e\000l}{}% 34
\BOOKMARK [2][-]{section*.43}{\376\377\000I\000n\000t\000r\000o\000d\000u\000c\000t\000i\000o\000n}{section*.42}% 35
\BOOKMARK [2][-]{section*.44}{\376\377\000M\000e\000t\000h\000o\000d\000o\000l\000o\000g\000y}{section*.42}% 36
\BOOKMARK [2][-]{section*.45}{\376\377\000A\000e\000r\000o\000d\000y\000n\000a\000m\000i\000c\000\040\000G\000e\000o\000m\000e\000t\000r\000y}{section*.42}% 37
\BOOKMARK [3][-]{section*.46}{\376\377\000O\000v\000e\000r\000v\000i\000e\000w}{section*.45}% 38
\BOOKMARK [3][-]{section*.47}{\376\377\000S\000u\000r\000f\000a\000c\000e\000\040\000R\000o\000u\000g\000h\000n\000e\000s\000s}{section*.45}% 39
\BOOKMARK [3][-]{section*.48}{\376\377\000F\000i\000n\000e\000n\000e\000s\000s\000\040\000R\000a\000t\000i\000o}{section*.45}% 40
\BOOKMARK [3][-]{section*.49}{\376\377\000F\000i\000n\000s}{section*.45}% 41
\BOOKMARK [3][-]{section*.50}{\376\377\000A\000e\000r\000o\000d\000y\000n\000a\000m\000i\000c\000\040\000C\000h\000o\000r\000d\000\040\000L\000e\000n\000g\000t\000h\000\040\000o\000f\000\040\000F\000i\000n\000s}{section*.45}% 42
\BOOKMARK [3][-]{section*.51}{\376\377\000A\000r\000e\000a\000s}{section*.45}% 43
\BOOKMARK [2][-]{section*.56}{\376\377\000N\000o\000s\000e\000\040\000P\000r\000o\000f\000i\000l\000e}{section*.42}% 44
\BOOKMARK [3][-]{section*.57}{\376\377\000V\000o\000n\000\040\000K\000a\000r\000m\000a\000n\000\040\000\050\000H\000a\000a\000c\000k\000\051}{section*.56}% 45
\BOOKMARK [3][-]{section*.58}{\376\377\000A\000e\000r\000o\000d\000y\000n\000a\000m\000i\000c\000\040\000C\000e\000n\000t\000e\000r}{section*.56}% 46
\BOOKMARK [1][-]{section*.59}{\376\377\000D\000r\000a\000g\000\040\000M\000o\000d\000e\000l}{}% 47
\BOOKMARK [2][-]{section*.60}{\376\377\000M\000a\000c\000h\000\040\000N\000u\000m\000b\000e\000r}{section*.59}% 48
\BOOKMARK [3][-]{section*.61}{\376\377\000M\000a\000c\000h\000\040\000R\000e\000g\000i\000o\000n\000s}{section*.60}% 49
\BOOKMARK [2][-]{section*.62}{\376\377\000I\000n\000c\000o\000m\000p\000r\000e\000s\000s\000i\000b\000l\000e\000\040\000F\000l\000o\000w}{section*.59}% 50
\BOOKMARK [2][-]{section*.63}{\376\377\000C\000o\000m\000p\000r\000e\000s\000s\000i\000b\000l\000e\000\040\000F\000l\000o\000w\000\040\000C\000o\000r\000r\000e\000c\000t\000i\000o\000n}{section*.59}% 51
\BOOKMARK [2][-]{section*.64}{\376\377\000T\000u\000r\000b\000u\000l\000e\000n\000t\000\040\000E\000f\000f\000e\000c\000t\000s}{section*.59}% 52
\BOOKMARK [2][-]{section*.65}{\376\377\000S\000t\000a\000g\000n\000a\000t\000i\000o\000n\000\040\000P\000r\000e\000s\000s\000u\000r\000e}{section*.59}% 53
\BOOKMARK [2][-]{section*.66}{\376\377\000R\000e\000y\000n\000o\000l\000d\000s\000\040\000N\000u\000m\000b\000e\000r}{section*.59}% 54
\BOOKMARK [3][-]{section*.67}{\376\377\000C\000r\000i\000t\000i\000c\000a\000l\000\040\000R\000e\000y\000n\000o\000l\000d\000s\000\040\000N\000u\000m\000b\000e\000r}{section*.66}% 55
\BOOKMARK [3][-]{section*.68}{\376\377\000A\000c\000t\000u\000a\000l\000\040\000R\000e\000y\000n\000o\000l\000d\000s\000\040\000N\000u\000m\000b\000e\000r}{section*.66}% 56
\BOOKMARK [2][-]{section*.69}{\376\377\000D\000r\000a\000g\000\040\000F\000o\000r\000c\000e\000\040\000a\000n\000d\000\040\000C\000o\000e\000f\000f\000i\000c\000i\000e\000n\000t\000s}{section*.59}% 57
\BOOKMARK [3][-]{section*.70}{\376\377\000V\000i\000s\000c\000o\000u\000s\000\040\000D\000r\000a\000g\000\040\000E\000f\000f\000e\000c\000t\000s}{section*.69}% 58
\BOOKMARK [3][-]{section*.72}{\376\377\000P\000r\000e\000s\000s\000u\000r\000e\000\040\000\050\000F\000o\000r\000m\000/\000P\000r\000o\000f\000i\000l\000e\000\051\000\040\000D\000r\000a\000g}{section*.69}% 59
\BOOKMARK [3][-]{section*.81}{\376\377\000W\000a\000v\000e\000\040\000D\000r\000a\000g}{section*.69}% 60
\BOOKMARK [3][-]{section*.82}{\376\377\000B\000o\000a\000t\000-\000T\000a\000i\000l\000\040\000D\000r\000a\000g}{section*.69}% 61
\BOOKMARK [2][-]{section*.83}{\376\377\000A\000d\000d\000i\000t\000i\000o\000n\000a\000l\000\040\000D\000r\000a\000g\000\040\000a\000t\000\040\000A\000n\000g\000l\000e\000\040\000o\000f\000\040\000A\000t\000t\000a\000c\000k}{section*.59}% 62
\BOOKMARK [3][-]{section*.84}{\376\377\000R\000o\000c\000k\000e\000t\000\040\000B\000o\000d\000y\000\040\000D\000r\000a\000g\000\040\000a\000t\000\040\000A\000n\000g\000l\000e\000\040\000o\000f\000\040\000A\000t\000t\000a\000c\000k}{section*.83}% 63
\BOOKMARK [3][-]{section*.86}{\376\377\000A\000l\000t\000e\000r\000n\000a\000t\000i\000v\000e\000l\000y}{section*.83}% 64
\BOOKMARK [2][-]{section*.87}{\376\377\000M\000a\000t\000l\000a\000b\000\040\000I\000m\000p\000l\000e\000m\000e\000n\000t\000a\000t\000i\000o\000n}{section*.59}% 65
\BOOKMARK [3][-]{section*.88}{\376\377\000M\000o\000d\000e\000l\000\040\000R\000e\000f\000e\000r\000e\000n\000c\000i\000n\000g}{section*.87}% 66
\BOOKMARK [3][-]{section*.89}{\376\377\000M\000a\000t\000l\000a\000b\000\040\000V\000a\000l\000i\000d\000a\000t\000i\000o\000n}{section*.87}% 67
\BOOKMARK [1][-]{section*.90}{\376\377\000P\000o\000i\000n\000t\000-\000M\000a\000s\000s\000\040\000F\000l\000i\000g\000h\000t\000\040\000M\000o\000d\000e\000l}{}% 68
\BOOKMARK [2][-]{section*.91}{\376\377\000W\000e\000a\000t\000h\000e\000r\000c\000o\000c\000k\000i\000n\000g}{section*.90}% 69
\BOOKMARK [2][-]{section*.92}{\376\377\000A\000l\000t\000i\000t\000u\000d\000e\000\040\000a\000c\000c\000o\000u\000n\000t\000i\000n\000g\000\040\000f\000o\000r\000\040\000f\000l\000i\000g\000h\000t\000\040\000a\000n\000g\000l\000e}{section*.90}% 70
\BOOKMARK [2][-]{section*.93}{\376\377\000D\000r\000i\000f\000t\000\040\000a\000c\000c\000o\000u\000n\000t\000i\000n\000g\000\040\000f\000o\000r\000\040\000f\000l\000i\000g\000h\000t\000\040\000a\000n\000g\000l\000e}{section*.90}% 71
\BOOKMARK [1][-]{section*.94}{\376\377\000R\000i\000g\000i\000d\000-\000B\000o\000d\000y\000\040\000R\000o\000t\000a\000t\000i\000o\000n\000\040\000\050\000P\000i\000t\000c\000h\000,\000\040\000Y\000a\000w\000\051\000\040\000S\000t\000a\000b\000i\000l\000i\000t\000y\000\040\000A\000n\000a\000l\000y\000s\000i\000s}{}% 72
\BOOKMARK [2][-]{section*.95}{\376\377\000O\000v\000e\000r\000v\000i\000e\000w}{section*.94}% 73
\BOOKMARK [2][-]{section*.96}{\376\377\000L\000o\000n\000g\000i\000t\000u\000d\000i\000n\000a\000l\000\040\000S\000t\000a\000t\000i\000c\000\040\000S\000t\000a\000b\000i\000l\000i\000t\000y\000\040\000M\000a\000r\000g\000i\000n}{section*.94}% 74
\BOOKMARK [2][-]{section*.97}{\376\377\000R\000e\000q\000u\000i\000r\000e\000m\000e\000n\000t}{section*.94}% 75
\BOOKMARK [2][-]{section*.98}{\376\377\000A\000s\000s\000u\000m\000p\000t\000i\000o\000n\000s}{section*.94}% 76
\BOOKMARK [2][-]{section*.99}{\376\377\000D\000e\000f\000i\000n\000i\000t\000i\000o\000n\000\040\000o\000f\000\040\000T\000e\000r\000m\000s}{section*.94}% 77
\BOOKMARK [3][-]{section*.100}{\376\377\000R\000o\000c\000k\000e\000t\000\040\000N\000o\000r\000m\000a\000l\000\040\000F\000o\000r\000c\000e}{section*.99}% 78
\BOOKMARK [3][-]{section*.101}{\376\377\000C\000o\000r\000r\000e\000c\000t\000i\000v\000e\000\040\000M\000o\000m\000e\000n\000t\000\040\000C\000o\000e\000f\000f\000i\000c\000i\000e\000n\000t}{section*.99}% 79
\BOOKMARK [3][-]{section*.103}{\376\377\000D\000a\000m\000p\000i\000n\000g\000\040\000M\000o\000m\000e\000n\000t\000\040\000C\000o\000e\000f\000f\000i\000c\000i\000e\000n\000t}{section*.99}% 80
\BOOKMARK [2][-]{section*.109}{\376\377\000D\000e\000r\000i\000v\000a\000t\000i\000o\000n\000\040\000o\000f\000\040\000t\000h\000e\000\040\000H\000a\000r\000m\000o\000n\000i\000c\000\040\000M\000o\000t\000i\000o\000n\000\040\000E\000q\000u\000a\000t\000i\000o\000n}{section*.94}% 81
\BOOKMARK [2][-]{section*.110}{\376\377\000L\000i\000n\000e\000a\000r\000i\000z\000a\000t\000i\000o\000n\000\040\000A\000p\000p\000r\000o\000x\000i\000m\000a\000t\000i\000o\000n}{section*.94}% 82
\BOOKMARK [2][-]{section*.111}{\376\377\000G\000e\000n\000e\000r\000a\000l\000\040\000H\000o\000m\000o\000g\000e\000n\000e\000o\000u\000s\000\040\000R\000e\000s\000p\000o\000n\000s\000e}{section*.94}% 83
\BOOKMARK [2][-]{section*.112}{\376\377\000C\000o\000m\000p\000l\000e\000t\000e\000\040\000R\000e\000s\000p\000o\000n\000s\000e\000\040\000t\000o\000\040\000S\000t\000e\000p\000\040\000I\000n\000p\000u\000t}{section*.94}% 84
\BOOKMARK [2][-]{section*.113}{\376\377\000C\000o\000m\000p\000l\000e\000t\000e\000\040\000R\000e\000s\000p\000o\000n\000s\000e\000\040\000t\000o\000\040\000I\000m\000p\000u\000l\000s\000e\000\040\000I\000n\000p\000u\000t}{section*.94}% 85
\BOOKMARK [3][-]{section*.114}{\376\377\000D\000e\000l\000t\000a\000-\000D\000i\000r\000a\000c\000\040\000F\000u\000n\000c\000t\000i\000o\000n}{section*.113}% 86
\BOOKMARK [3][-]{section*.115}{\376\377\000C\000o\000n\000v\000o\000l\000u\000t\000i\000o\000n\000\040\000T\000h\000e\000o\000r\000e\000m}{section*.113}% 87
\BOOKMARK [2][-]{section*.116}{\376\377\000S\000t\000e\000a\000d\000y\000\040\000S\000t\000a\000t\000e\000\040\000R\000e\000s\000p\000o\000n\000s\000e\000\040\000t\000o\000\040\000S\000i\000n\000u\000s\000o\000i\000d\000a\000l\000\040\000F\000o\000r\000c\000i\000n\000g}{section*.94}% 88
\BOOKMARK [3][-]{section*.117}{\376\377\000R\000o\000c\000k\000e\000t\000\040\000D\000a\000m\000p\000i\000n\000g\000\040\000R\000a\000t\000i\000o}{section*.116}% 89
\BOOKMARK [3][-]{section*.121}{\376\377\000R\000o\000c\000k\000e\000t\000\040\000N\000a\000t\000u\000r\000a\000l\000\040\000F\000r\000e\000q\000u\000e\000n\000c\000y}{section*.116}% 90
\BOOKMARK [3][-]{section*.122}{\376\377\000T\000i\000m\000e\000\040\000C\000o\000n\000s\000t\000a\000n\000t\000s\000\040\000o\000f\000\040\000t\000h\000e\000\040\000R\000e\000s\000p\000o\000n\000s\000e}{section*.116}% 91
\BOOKMARK [3][-]{section*.123}{\376\377\000C\000o\000m\000p\000l\000e\000t\000e\000\040\000r\000e\000s\000p\000o\000n\000s\000e\000\040\000t\000o\000\040\000s\000t\000e\000p\000\040\000i\000n\000p\000u\000t}{section*.116}% 92
\BOOKMARK [3][-]{section*.124}{\376\377\000C\000o\000m\000p\000l\000e\000t\000e\000\040\000r\000e\000s\000p\000o\000n\000s\000e\000\040\000t\000o\000\040\000i\000m\000p\000u\000l\000s\000e\000\040\000i\000n\000p\000u\000t}{section*.116}% 93
\BOOKMARK [3][-]{section*.125}{\376\377\000A\000O\000A\000\040\000a\000s\000\040\000a\000\040\000f\000u\000n\000c\000t\000i\000o\000n\000\040\000o\000f\000\040\000v\000e\000l\000o\000c\000i\000t\000y}{section*.116}% 94
\BOOKMARK [3][-]{section*.126}{\376\377\000C\000o\000r\000r\000e\000c\000t\000i\000o\000n\000s}{section*.116}% 95
\BOOKMARK [2][-]{section*.128}{\376\377\000W\000i\000n\000d\000\040\000D\000i\000s\000t\000u\000r\000b\000a\000n\000c\000e}{section*.94}% 96
\BOOKMARK [3][-]{section*.129}{\376\377\000I\000m\000p\000u\000l\000s\000e\000\040\000D\000i\000s\000t\000u\000r\000b\000a\000n\000c\000e}{section*.128}% 97
\BOOKMARK [3][-]{section*.130}{\376\377\000C\000o\000n\000s\000t\000a\000n\000t\000\040\000D\000i\000s\000t\000u\000r\000b\000a\000n\000c\000e}{section*.128}% 98
\BOOKMARK [2][-]{section*.131}{\376\377\000M\000o\000r\000e\000\040\000R\000e\000a\000d\000i\000n\000g}{section*.94}% 99
\BOOKMARK [2][-]{section*.132}{\376\377\000M\000o\000d\000e\000l\000\040\000R\000e\000f\000e\000r\000e\000n\000c\000i\000n\000g}{section*.94}% 100
\BOOKMARK [2][-]{section*.133}{\376\377\000S\000o\000l\000v\000e\000r\000\040\000A\000l\000g\000o\000r\000i\000t\000h\000m}{section*.94}% 101
\BOOKMARK [1][-]{section*.134}{\376\377\000V\000a\000l\000i\000d\000a\000t\000i\000o\000n}{}% 102
\BOOKMARK [2][-]{section*.135}{\376\377\000U\000n\000i\000t\000\040\000T\000e\000s\000t\000i\000n\000g}{section*.134}% 103
\BOOKMARK [2][-]{section*.136}{\376\377\000I\000n\000t\000e\000g\000r\000a\000t\000i\000o\000n\000\040\000T\000e\000s\000t\000i\000n\000g}{section*.134}% 104
\BOOKMARK [2][-]{section*.137}{\376\377\000S\000y\000s\000t\000e\000m\000\040\000T\000e\000s\000t\000i\000n\000g}{section*.134}% 105
\BOOKMARK [1][-]{section*.138}{\376\377\000C\000o\000m\000p\000a\000r\000i\000s\000o\000n\000\040\000w\000i\000t\000h\000\040\000E\000x\000p\000e\000r\000i\000m\000e\000n\000t\000a\000l\000\040\000D\000a\000t\000a}{}% 106
\BOOKMARK [2][-]{section*.139}{\376\377\000I\000S\000A\000\040\000M\000o\000d\000e\000l}{section*.138}% 107
\BOOKMARK [2][-]{section*.140}{\376\377\000F\000l\000i\000g\000h\000t\000\040\000V\000a\000l\000i\000d\000a\000t\000i\000o\000n}{section*.138}% 108
\BOOKMARK [3][-]{section*.141}{\376\377\000U\000n\000i\000v\000e\000r\000s\000i\000t\000y\000\040\000o\000f\000\040\000L\000o\000u\000i\000s\000v\000i\000l\000l\000e}{section*.140}% 109
\BOOKMARK [2][-]{section*.142}{\376\377\000F\000l\000i\000g\000h\000t\000\040\000D\000e\000t\000a\000i\000l\000s}{section*.138}% 110
\BOOKMARK [2][-]{section*.143}{\376\377\000M\000o\000t\000o\000r\000\040\000D\000e\000t\000a\000i\000l\000s}{section*.138}% 111
\BOOKMARK [2][-]{section*.144}{\376\377\000P\000l\000o\000t\000s}{section*.138}% 112
\BOOKMARK [3][-]{section*.145}{\376\377\000C\000o\000m\000p\000a\000r\000i\000s\000o\000n\000\040\000w\000i\000t\000h\000\040\000A\000r\000c\000t\000u\000r\000u\000s\000\040\000R\000o\000c\000k\000e\000t}{section*.144}% 113
\BOOKMARK [2][-]{section*.146}{\376\377\000S\000u\000m\000m\000a\000r\000y\000\040\000o\000f\000\040\000C\000o\000m\000p\000a\000r\000i\000s\000o\000n\000\040\000w\000i\000t\000h\000\040\000E\000x\000p\000e\000r\000i\000m\000e\000n\000t\000a\000l\000\040\000D\000a\000t\000a}{section*.138}% 114
\BOOKMARK [1][-]{section*.147}{\376\377\000S\000i\000m\000u\000l\000a\000t\000i\000o\000n\000\040\000E\000x\000e\000c\000u\000t\000i\000o\000n}{}% 115
\BOOKMARK [2][-]{section*.148}{\376\377\000S\000i\000m\000u\000l\000a\000t\000i\000o\000n\000\040\000C\000o\000n\000f\000i\000g\000u\000r\000a\000t\000i\000o\000n}{section*.147}% 116
\BOOKMARK [3][-]{section*.149}{\376\377\000H\000i\000s\000t\000o\000r\000i\000c\000a\000l\000\040\000W\000e\000a\000t\000h\000e\000r\000\040\000D\000a\000t\000a\000\040\000f\000o\000r\000\040\000G\000r\000e\000e\000n\000\040\000R\000i\000v\000e\000r\000,\000\040\000U\000t\000a\000h}{section*.148}% 117
\BOOKMARK [3][-]{section*.150}{\376\377\000G\000e\000n\000e\000r\000a\000l\000\040\000C\000o\000n\000d\000i\000t\000i\000o\000n\000s}{section*.148}% 118
\BOOKMARK [3][-]{section*.151}{\376\377\000B\000e\000s\000t\000\040\000C\000a\000s\000e}{section*.148}% 119
\BOOKMARK [3][-]{section*.152}{\376\377\000W\000o\000r\000s\000t\000\040\000C\000a\000s\000e}{section*.148}% 120
\BOOKMARK [2][-]{section*.153}{\376\377\000S\000i\000m\000u\000l\000a\000t\000i\000o\000n\000\040\000E\000x\000e\000c\000u\000t\000i\000o\000n}{section*.147}% 121
\BOOKMARK [3][-]{section*.154}{\376\377\000M\000a\000t\000l\000a\000b}{section*.153}% 122
\BOOKMARK [2][-]{section*.156}{\376\377\000O\000b\000s\000e\000r\000v\000a\000t\000i\000o\000n\000s}{section*.147}% 123
\BOOKMARK [2][-]{section*.157}{\376\377\000S\000i\000m\000u\000l\000a\000t\000i\000o\000n\000\040\000S\000u\000m\000m\000a\000r\000y}{section*.147}% 124
\BOOKMARK [1][-]{section*.158}{\376\377\000D\000i\000s\000c\000u\000s\000s\000i\000o\000n}{}% 125
\BOOKMARK [2][-]{section*.159}{\376\377\000S\000o\000u\000r\000c\000e\000s\000\040\000o\000f\000\040\000E\000r\000r\000o\000r}{section*.158}% 126
\BOOKMARK [2][-]{section*.160}{\376\377\000C\000o\000n\000c\000l\000u\000s\000i\000o\000n}{section*.158}% 127
\BOOKMARK [1][-]{section*.161}{\376\377\000F\000u\000t\000u\000r\000e\000\040\000E\000n\000h\000a\000n\000c\000e\000m\000e\000n\000t\000s}{}% 128
\BOOKMARK [2][-]{section*.162}{\376\377\000H\000a\000r\000d\000w\000a\000r\000e\000-\000i\000n\000-\000t\000h\000e\000-\000l\000o\000o\000p}{section*.161}% 129
\BOOKMARK [2][-]{section*.163}{\376\377\000P\000o\000r\000t\000i\000n\000g\000\040\000t\000o\000\040\000P\000y\000t\000h\000o\000n\000\040\000/\000\040\000O\000p\000e\000n\000M\000o\000d\000e\000l\000i\000c\000a}{section*.161}% 130
\BOOKMARK [2][-]{section*.164}{\376\377\000P\000l\000o\000t\000t\000i\000n\000g\000\040\000w\000i\000t\000h\000\040\000P\000l\000o\000t\000.\000l\000y}{section*.161}% 131
\BOOKMARK [2][-]{section*.165}{\376\377\000R\000o\000b\000u\000s\000t\000\040\000W\000i\000n\000d\000\040\000M\000o\000d\000e\000l}{section*.161}% 132
\BOOKMARK [2][-]{section*.168}{\376\377\000T\000h\000r\000u\000s\000t\000C\000u\000r\000v\000e\000.\000o\000r\000g\000\040\000A\000P\000I\000\040\000I\000n\000t\000e\000g\000r\000a\000t\000i\000o\000n}{section*.161}% 133
\BOOKMARK [2][-]{section*.169}{\376\377\000R\000o\000c\000k\000e\000t\000\040\000O\000r\000i\000e\000n\000t\000a\000t\000i\000o\000n}{section*.161}% 134
\BOOKMARK [3][-]{section*.170}{\376\377\000R\000o\000t\000a\000t\000i\000o\000n\000s}{section*.169}% 135
\BOOKMARK [3][-]{section*.171}{\376\377\000Q\000u\000a\000t\000e\000r\000n\000i\000o\000n\000s}{section*.169}% 136
\BOOKMARK [3][-]{section*.172}{\376\377\000P\000a\000r\000a\000m\000e\000t\000e\000r\000s\000\040\000n\000e\000e\000d\000e\000d\000\040\000f\000o\000r\000\040\000q\000u\000a\000t\000e\000r\000n\000i\000o\000n\000\040\000a\000n\000a\000l\000y\000s\000i\000s}{section*.169}% 137
\BOOKMARK [3][-]{section*.173}{\376\377\000R\000o\000c\000k\000e\000t\000\040\000M\000o\000m\000e\000n\000t\000s}{section*.169}% 138
\BOOKMARK [3][-]{section*.174}{\376\377\000P\000i\000t\000c\000h\000\040\000M\000o\000m\000e\000n\000t}{section*.169}% 139
\BOOKMARK [3][-]{section*.175}{\376\377\000P\000i\000t\000c\000h\000\040\000M\000o\000m\000e\000n\000t\000\040\000C\000o\000e\000f\000f\000i\000c\000i\000e\000n\000t}{section*.169}% 140
\BOOKMARK [3][-]{section*.176}{\376\377\000P\000i\000t\000c\000h\000\040\000D\000a\000m\000p\000i\000n\000g\000\040\000M\000o\000m\000e\000n\000t}{section*.169}% 141
\BOOKMARK [2][-]{section*.177}{\376\377\000S\000t\000o\000c\000h\000a\000s\000t\000i\000c\000\040\000S\000i\000m\000u\000l\000a\000t\000i\000o\000n\000s}{section*.161}% 142
\BOOKMARK [1][-]{section*.178}{\376\377\000C\000o\000n\000v\000e\000n\000t\000i\000o\000n\000s}{}% 143
\BOOKMARK [2][-]{section*.179}{\376\377\000D\000a\000t\000a\000\040\000M\000o\000d\000e\000l}{section*.178}% 144
\BOOKMARK [3][-]{section*.180}{\376\377\000S\000t\000a\000t\000i\000c\000\040\000P\000a\000r\000a\000m\000e\000t\000e\000r\000s}{section*.179}% 145
\BOOKMARK [3][-]{section*.181}{\376\377\000D\000y\000n\000a\000m\000i\000c\000\040\000P\000a\000r\000a\000m\000e\000t\000e\000r\000s}{section*.179}% 146
\BOOKMARK [2][-]{section*.182}{\376\377\000M\000a\000t\000l\000a\000b\000\040\000C\000o\000n\000v\000e\000n\000t\000i\000o\000n\000s}{section*.178}% 147
\BOOKMARK [2][-]{section*.183}{\376\377\000M\000a\000t\000l\000a\000b\000/\000S\000i\000m\000u\000l\000i\000n\000k\000\040\000L\000i\000b\000r\000a\000r\000i\000e\000s}{section*.178}% 148
\BOOKMARK [2][-]{section*.184}{\376\377\000O\000v\000e\000r\000v\000i\000e\000w}{section*.178}% 149
\BOOKMARK [2][-]{section*.185}{\376\377\000C\000r\000e\000a\000t\000i\000n\000g\000\040\000a\000\040\000L\000i\000b\000r\000a\000r\000y}{section*.178}% 150
\BOOKMARK [2][-]{section*.186}{\376\377\000A\000d\000d\000\040\000t\000o\000\040\000p\000a\000t\000h}{section*.178}% 151
\BOOKMARK [2][-]{section*.187}{\376\377\000A\000d\000d\000\040\000t\000o\000\040\000L\000i\000b\000r\000a\000r\000y\000\040\000B\000r\000o\000w\000s\000e\000r}{section*.178}% 152
\BOOKMARK [2][-]{section*.188}{\376\377\000A\000l\000g\000e\000b\000r\000a\000i\000c\000\040\000L\000o\000o\000p\000s}{section*.178}% 153
\BOOKMARK [2][-]{section*.189}{\376\377\000I\000m\000p\000o\000r\000t\000i\000n\000g\000\040\000D\000a\000t\000a}{section*.178}% 154
\BOOKMARK [3][-]{section*.190}{\376\377\000F\000r\000o\000m\000\040\000F\000i\000l\000e}{section*.189}% 155
\BOOKMARK [2][-]{section*.194}{\376\377\000V\000e\000r\000s\000i\000o\000n\000i\000n\000g\000\040\000f\000o\000r\000\040\000M\000a\000t\000l\000a\000b\000\040\000F\000i\000l\000e\000s}{section*.178}% 156
\BOOKMARK [3][-]{section*.195}{\376\377\000B\000a\000c\000k\000g\000r\000o\000u\000n\000d}{section*.194}% 157
\BOOKMARK [3][-]{section*.197}{\376\377\000V\000e\000r\000s\000i\000o\000n\000i\000n\000g\000\040\000f\000o\000r\000\040\000L\000i\000b\000r\000a\000r\000i\000e\000s}{section*.194}% 158
\BOOKMARK [3][-]{section*.198}{\376\377\000U\000n\000i\000t\000\040\000T\000e\000s\000t\000i\000n\000g}{section*.194}% 159
\BOOKMARK [2][-]{section*.201}{\376\377\000E\000x\000p\000o\000r\000t\000i\000n\000g\000\040\000I\000m\000a\000g\000e\000s}{section*.178}% 160
\BOOKMARK [3][-]{section*.202}{\376\377\000G\000h\000o\000s\000t\000S\000c\000r\000i\000p\000t}{section*.201}% 161
\BOOKMARK [3][-]{section*.203}{\376\377\000G\000h\000o\000s\000t\000S\000c\000r\000i\000p\000t\000\040\000a\000n\000d\000\040\000G\000I\000M\000P}{section*.201}% 162
\BOOKMARK [3][-]{section*.204}{\376\377\000E\000x\000p\000o\000r\000t\000i\000n\000g\000\040\000F\000i\000g\000u\000r\000e\000s}{section*.201}% 163
\BOOKMARK [3][-]{section*.205}{\376\377\000E\000x\000p\000o\000r\000t\000i\000n\000g\000\040\000S\000i\000m\000u\000l\000i\000n\000k\000\040\000M\000o\000d\000e\000l\000s}{section*.201}% 164
\BOOKMARK [2][-]{section*.206}{\376\377\000F\000i\000l\000e\000\040\000O\000r\000g\000a\000n\000i\000z\000a\000t\000i\000o\000n}{section*.178}% 165
\BOOKMARK [3][-]{section*.207}{\376\377\000d\000a\000t\000a}{section*.206}% 166
\BOOKMARK [3][-]{section*.209}{\376\377\000d\000o\000c\000u\000m\000e\000n\000t\000a\000t\000i\000o\000n}{section*.206}% 167
\BOOKMARK [2][-]{section*.218}{\376\377\000N\000a\000m\000i\000n\000g\000\040\000C\000o\000n\000v\000e\000n\000t\000i\000o\000n\000s}{section*.178}% 168
\BOOKMARK [3][-]{section*.219}{\376\377\000V\000a\000r\000i\000a\000b\000l\000e\000s}{section*.218}% 169
\BOOKMARK [3][-]{section*.220}{\376\377\000F\000u\000n\000c\000t\000i\000o\000n\000s}{section*.218}% 170
\BOOKMARK [3][-]{section*.221}{\376\377\000M\000o\000d\000e\000l\000s}{section*.218}% 171
\BOOKMARK [3][-]{section*.222}{\376\377\000L\000i\000b\000r\000a\000r\000i\000e\000s}{section*.218}% 172
\BOOKMARK [1][-]{section*.223}{\376\377\000D\000o\000c\000u\000m\000e\000n\000t\000a\000t\000i\000o\000n\000\040\000C\000o\000n\000v\000e\000n\000t\000i\000o\000n\000s}{}% 173
\BOOKMARK [2][-]{section*.224}{\376\377\000M\000a\000r\000k\000d\000o\000w\000n}{section*.223}% 174
\BOOKMARK [2][-]{section*.225}{\376\377\000P\000y\000t\000h\000o\000n}{section*.223}% 175
\BOOKMARK [2][-]{section*.226}{\376\377\000P\000a\000n\000d\000o\000c}{section*.223}% 176
\BOOKMARK [2][-]{section*.227}{\376\377\000H\000a\000s\000k\000e\000l\000l}{section*.223}% 177
\BOOKMARK [2][-]{section*.228}{\376\377\000L\000a\000T\000e\000X}{section*.223}% 178
\BOOKMARK [2][-]{section*.229}{\376\377\000C\000i\000t\000a\000t\000i\000o\000n\000s}{section*.223}% 179
\BOOKMARK [2][-]{section*.230}{\376\377\000E\000q\000u\000a\000t\000i\000o\000n\000s}{section*.223}% 180
\BOOKMARK [2][-]{section*.231}{\376\377\000F\000i\000g\000u\000r\000e\000s}{section*.223}% 181
\BOOKMARK [2][-]{section*.232}{\376\377\000T\000a\000b\000l\000e\000s}{section*.223}% 182
\BOOKMARK [1][-]{section*.233}{\376\377\000R\000e\000f\000e\000r\000e\000n\000c\000e\000s}{}% 183
