\BOOKMARK [2][-]{section*.5}{\376\377\000L\000i\000s\000t\000\040\000o\000f\000\040\000A\000b\000b\000r\000e\000v\000i\000a\000t\000i\000o\000n\000s}{}% 1
\BOOKMARK [1][-]{section*.6}{\376\377\000E\000n\000g\000i\000n\000e\000e\000r\000i\000n\000g\000\040\000S\000i\000m\000u\000l\000a\000t\000i\000o\000n\000\040\000f\000o\000r\000\040\000R\000o\000c\000k\000e\000t\000\040\000F\000l\000i\000g\000h\000t\000\040\000A\000n\000a\000l\000y\000s\000i\000s}{}% 2
\BOOKMARK [2][-]{section*.7}{\376\377\000O\000v\000e\000r\000v\000i\000e\000w}{section*.6}% 3
\BOOKMARK [2][-]{section*.8}{\376\377\000D\000e\000f\000i\000n\000i\000t\000i\000o\000n\000\040\000o\000f\000\040\000t\000h\000e\000\040\000P\000r\000o\000b\000l\000e\000m}{section*.6}% 4
\BOOKMARK [2][-]{section*.9}{\376\377\000R\000e\000q\000u\000i\000r\000e\000m\000e\000n\000t\000s}{section*.6}% 5
\BOOKMARK [2][-]{section*.10}{\376\377\000V\000a\000l\000i\000d\000a\000t\000i\000o\000n}{section*.6}% 6
\BOOKMARK [2][-]{section*.11}{\376\377\000P\000r\000o\000b\000l\000e\000m\000\040\000S\000o\000l\000v\000i\000n\000g\000\040\000A\000p\000p\000r\000o\000a\000c\000h}{section*.6}% 7
\BOOKMARK [3][-]{section*.12}{\376\377\000K\000i\000n\000e\000m\000a\000t\000i\000c\000s}{section*.11}% 8
\BOOKMARK [3][-]{section*.13}{\376\377\000D\000y\000n\000a\000m\000i\000c\000s}{section*.11}% 9
\BOOKMARK [3][-]{section*.14}{\376\377\000D\000e\000c\000o\000u\000p\000l\000i\000n\000g\000\040\000t\000h\000e\000\040\000M\000o\000d\000e\000l}{section*.11}% 10
\BOOKMARK [2][-]{section*.15}{\376\377\000A\000s\000s\000u\000m\000p\000t\000i\000o\000n\000s}{section*.6}% 11
\BOOKMARK [1][-]{section*.16}{\376\377\000I\000n\000p\000u\000t\000\040\000P\000a\000r\000a\000m\000e\000t\000e\000r\000s}{}% 12
\BOOKMARK [2][-]{section*.17}{\376\377\000A\000t\000m\000o\000s\000p\000h\000e\000r\000i\000c\000\040\000M\000o\000d\000e\000l}{section*.16}% 13
\BOOKMARK [3][-]{section*.18}{\376\377\000V\000i\000s\000c\000o\000s\000i\000t\000y}{section*.17}% 14
\BOOKMARK [3][-]{section*.19}{\376\377\000P\000r\000e\000v\000i\000o\000u\000s\000\040\000W\000o\000r\000k}{section*.17}% 15
\BOOKMARK [2][-]{section*.20}{\376\377\000S\000t\000a\000t\000i\000c\000\040\000P\000a\000r\000a\000m\000e\000t\000e\000r\000s}{section*.16}% 16
\BOOKMARK [2][-]{section*.21}{\376\377\000D\000y\000n\000a\000m\000i\000c\000\040\000P\000a\000r\000a\000m\000e\000t\000e\000r\000s}{section*.16}% 17
\BOOKMARK [3][-]{section*.22}{\376\377\000F\000o\000r\000c\000e}{section*.21}% 18
\BOOKMARK [3][-]{section*.23}{\376\377\000I\000m\000p\000u\000l\000s\000e}{section*.21}% 19
\BOOKMARK [3][-]{section*.24}{\376\377\000T\000h\000r\000u\000s\000t}{section*.21}% 20
\BOOKMARK [3][-]{section*.25}{\376\377\000M\000a\000s\000s\000\040\000F\000l\000o\000w\000\040\000R\000a\000t\000e}{section*.21}% 21
\BOOKMARK [3][-]{section*.28}{\376\377\000W\000e\000i\000g\000h\000t}{section*.21}% 22
\BOOKMARK [3][-]{section*.29}{\376\377\000C\000e\000n\000t\000e\000r\000\040\000o\000f\000\040\000G\000r\000a\000v\000i\000t\000y}{section*.21}% 23
\BOOKMARK [3][-]{section*.30}{\376\377\000M\000o\000m\000e\000n\000t\000s\000\040\000o\000f\000\040\000I\000n\000e\000r\000t\000i\000a}{section*.21}% 24
\BOOKMARK [3][-]{section*.32}{\376\377\000C\000e\000n\000t\000e\000r\000\040\000o\000f\000\040\000P\000r\000e\000s\000s\000u\000r\000e}{section*.21}% 25
\BOOKMARK [1][-]{section*.33}{\376\377\000T\000h\000e\000\040\000B\000a\000r\000r\000o\000w\000m\000a\000n\000\040\000M\000e\000t\000h\000o\000d}{}% 26
\BOOKMARK [2][-]{section*.34}{\376\377\000S\000t\000a\000b\000i\000l\000i\000t\000y\000\040\000D\000e\000r\000i\000v\000a\000t\000i\000v\000e}{section*.33}% 27
\BOOKMARK [2][-]{section*.35}{\376\377\000N\000o\000s\000e\000\040\000C\000o\000n\000e}{section*.33}% 28
\BOOKMARK [2][-]{section*.36}{\376\377\000R\000o\000c\000k\000e\000t\000\040\000B\000o\000d\000y}{section*.33}% 29
\BOOKMARK [2][-]{section*.37}{\376\377\000F\000i\000n\000s}{section*.33}% 30
\BOOKMARK [2][-]{section*.38}{\376\377\000N\000o\000s\000e\000\040\000C\000o\000n\000e\000\040\000C\000O\000P}{section*.33}% 31
\BOOKMARK [3][-]{section*.39}{\376\377\000L\000V\000-\000H\000a\000a\000c\000k\000\040\000N\000o\000s\000e\000\040\000C\000o\000n\000e\000\040\000C\000O\000P}{section*.38}% 32
\BOOKMARK [3][-]{section*.40}{\376\377\000V\000o\000n\000\040\000K\000a\000r\000m\000a\000n\000\040\000N\000o\000s\000e\000\040\000C\000o\000n\000e\000\040\000C\000O\000P}{section*.38}% 33
\BOOKMARK [2][-]{section*.43}{\376\377\000R\000o\000c\000k\000e\000t\000\040\000B\000o\000d\000y\000\040\000L\000i\000f\000t\000\040\000C\000o\000r\000r\000e\000c\000t\000i\000o\000n}{section*.33}% 34
\BOOKMARK [2][-]{section*.44}{\376\377\000T\000r\000a\000n\000s\000o\000n\000i\000c\000\040\000C\000o\000n\000s\000i\000d\000e\000r\000a\000t\000i\000o\000n\000s}{section*.33}% 35
\BOOKMARK [2][-]{section*.45}{\376\377\000A\000e\000r\000o\000d\000y\000n\000a\000m\000i\000c\000\040\000G\000e\000o\000m\000e\000t\000r\000y}{section*.33}% 36
\BOOKMARK [3][-]{section*.46}{\376\377\000O\000v\000e\000r\000v\000i\000e\000w}{section*.45}% 37
\BOOKMARK [3][-]{section*.47}{\376\377\000S\000u\000r\000f\000a\000c\000e\000\040\000R\000o\000u\000g\000h\000n\000e\000s\000s}{section*.45}% 38
\BOOKMARK [3][-]{section*.48}{\376\377\000F\000i\000n\000e\000n\000e\000s\000s\000\040\000R\000a\000t\000i\000o}{section*.45}% 39
\BOOKMARK [3][-]{section*.49}{\376\377\000F\000i\000n\000s}{section*.45}% 40
\BOOKMARK [3][-]{section*.50}{\376\377\000A\000e\000r\000o\000d\000y\000n\000a\000m\000i\000c\000\040\000C\000h\000o\000r\000d\000\040\000L\000e\000n\000g\000t\000h\000\040\000o\000f\000\040\000F\000i\000n\000s}{section*.45}% 41
\BOOKMARK [3][-]{section*.51}{\376\377\000A\000r\000e\000a\000s}{section*.45}% 42
\BOOKMARK [2][-]{section*.56}{\376\377\000N\000o\000s\000e\000\040\000P\000r\000o\000f\000i\000l\000e}{section*.33}% 43
\BOOKMARK [3][-]{section*.57}{\376\377\000V\000o\000n\000\040\000K\000a\000r\000m\000a\000n\000\040\000\050\000H\000a\000a\000c\000k\000\051}{section*.56}% 44
\BOOKMARK [3][-]{section*.58}{\376\377\000A\000e\000r\000o\000d\000y\000n\000a\000m\000i\000c\000\040\000C\000e\000n\000t\000e\000r}{section*.56}% 45
\BOOKMARK [1][-]{section*.59}{\376\377\000D\000r\000a\000g\000\040\000M\000o\000d\000e\000l}{}% 46
\BOOKMARK [2][-]{section*.60}{\376\377\000M\000a\000c\000h\000\040\000N\000u\000m\000b\000e\000r}{section*.59}% 47
\BOOKMARK [3][-]{section*.61}{\376\377\000M\000a\000c\000h\000\040\000R\000e\000g\000i\000o\000n\000s}{section*.60}% 48
\BOOKMARK [2][-]{section*.62}{\376\377\000I\000n\000c\000o\000m\000p\000r\000e\000s\000s\000i\000b\000l\000e\000\040\000F\000l\000o\000w}{section*.59}% 49
\BOOKMARK [2][-]{section*.63}{\376\377\000C\000o\000m\000p\000r\000e\000s\000s\000i\000b\000l\000e\000\040\000F\000l\000o\000w\000\040\000C\000o\000r\000r\000e\000c\000t\000i\000o\000n}{section*.59}% 50
\BOOKMARK [2][-]{section*.64}{\376\377\000T\000u\000r\000b\000u\000l\000e\000n\000t\000\040\000E\000f\000f\000e\000c\000t\000s}{section*.59}% 51
\BOOKMARK [2][-]{section*.65}{\376\377\000S\000t\000a\000g\000n\000a\000t\000i\000o\000n\000\040\000P\000r\000e\000s\000s\000u\000r\000e}{section*.59}% 52
\BOOKMARK [2][-]{section*.66}{\376\377\000R\000e\000y\000n\000o\000l\000d\000s\000\040\000N\000u\000m\000b\000e\000r}{section*.59}% 53
\BOOKMARK [3][-]{section*.67}{\376\377\000C\000r\000i\000t\000i\000c\000a\000l\000\040\000R\000e\000y\000n\000o\000l\000d\000s\000\040\000N\000u\000m\000b\000e\000r}{section*.66}% 54
\BOOKMARK [3][-]{section*.68}{\376\377\000A\000c\000t\000u\000a\000l\000\040\000R\000e\000y\000n\000o\000l\000d\000s\000\040\000N\000u\000m\000b\000e\000r}{section*.66}% 55
\BOOKMARK [2][-]{section*.69}{\376\377\000D\000r\000a\000g\000\040\000F\000o\000r\000c\000e\000\040\000a\000n\000d\000\040\000C\000o\000e\000f\000f\000i\000c\000i\000e\000n\000t\000s}{section*.59}% 56
\BOOKMARK [3][-]{section*.70}{\376\377\000V\000i\000s\000c\000o\000u\000s\000\040\000D\000r\000a\000g\000\040\000E\000f\000f\000e\000c\000t\000s}{section*.69}% 57
\BOOKMARK [3][-]{section*.72}{\376\377\000P\000r\000e\000s\000s\000u\000r\000e\000\040\000\050\000F\000o\000r\000m\000/\000P\000r\000o\000f\000i\000l\000e\000\051\000\040\000D\000r\000a\000g}{section*.69}% 58
\BOOKMARK [3][-]{section*.81}{\376\377\000W\000a\000v\000e\000\040\000D\000r\000a\000g}{section*.69}% 59
\BOOKMARK [3][-]{section*.82}{\376\377\000B\000o\000a\000t\000-\000T\000a\000i\000l\000\040\000D\000r\000a\000g}{section*.69}% 60
\BOOKMARK [2][-]{section*.83}{\376\377\000A\000d\000d\000i\000t\000i\000o\000n\000a\000l\000\040\000D\000r\000a\000g\000\040\000a\000t\000\040\000A\000n\000g\000l\000e\000\040\000o\000f\000\040\000A\000t\000t\000a\000c\000k}{section*.59}% 61
\BOOKMARK [3][-]{section*.84}{\376\377\000R\000o\000c\000k\000e\000t\000\040\000B\000o\000d\000y\000\040\000D\000r\000a\000g\000\040\000a\000t\000\040\000A\000n\000g\000l\000e\000\040\000o\000f\000\040\000A\000t\000t\000a\000c\000k}{section*.83}% 62
\BOOKMARK [3][-]{section*.86}{\376\377\000A\000l\000t\000e\000r\000n\000a\000t\000i\000v\000e\000l\000y}{section*.83}% 63
\BOOKMARK [2][-]{section*.87}{\376\377\000M\000a\000t\000l\000a\000b\000\040\000I\000m\000p\000l\000e\000m\000e\000n\000t\000a\000t\000i\000o\000n}{section*.59}% 64
\BOOKMARK [3][-]{section*.88}{\376\377\000M\000a\000t\000l\000a\000b\000\040\000V\000a\000l\000i\000d\000a\000t\000i\000o\000n}{section*.87}% 65
\BOOKMARK [1][-]{section*.89}{\376\377\000P\000o\000i\000n\000t\000-\000M\000a\000s\000s\000\040\000F\000l\000i\000g\000h\000t\000\040\000M\000o\000d\000e\000l}{}% 66
\BOOKMARK [2][-]{section*.90}{\376\377\000W\000e\000a\000t\000h\000e\000r\000c\000o\000c\000k\000i\000n\000g}{section*.89}% 67
\BOOKMARK [2][-]{section*.91}{\376\377\000A\000l\000t\000i\000t\000u\000d\000e\000\040\000a\000c\000c\000o\000u\000n\000t\000i\000n\000g\000\040\000f\000o\000r\000\040\000f\000l\000i\000g\000h\000t\000\040\000a\000n\000g\000l\000e}{section*.89}% 68
\BOOKMARK [2][-]{section*.92}{\376\377\000D\000r\000i\000f\000t\000\040\000a\000c\000c\000o\000u\000n\000t\000i\000n\000g\000\040\000f\000o\000r\000\040\000f\000l\000i\000g\000h\000t\000\040\000a\000n\000g\000l\000e}{section*.89}% 69
\BOOKMARK [1][-]{section*.93}{\376\377\000R\000i\000g\000i\000d\000-\000B\000o\000d\000y\000\040\000R\000o\000t\000a\000t\000i\000o\000n\000\040\000\050\000P\000i\000t\000c\000h\000,\000\040\000Y\000a\000w\000\051\000\040\000S\000t\000a\000b\000i\000l\000i\000t\000y\000\040\000A\000n\000a\000l\000y\000s\000i\000s}{}% 70
\BOOKMARK [2][-]{section*.94}{\376\377\000O\000v\000e\000r\000v\000i\000e\000w}{section*.93}% 71
\BOOKMARK [2][-]{section*.95}{\376\377\000L\000o\000n\000g\000i\000t\000u\000d\000i\000n\000a\000l\000\040\000S\000t\000a\000t\000i\000c\000\040\000S\000t\000a\000b\000i\000l\000i\000t\000y\000\040\000M\000a\000r\000g\000i\000n}{section*.93}% 72
\BOOKMARK [2][-]{section*.96}{\376\377\000R\000e\000q\000u\000i\000r\000e\000m\000e\000n\000t}{section*.93}% 73
\BOOKMARK [2][-]{section*.97}{\376\377\000A\000s\000s\000u\000m\000p\000t\000i\000o\000n\000s}{section*.93}% 74
\BOOKMARK [2][-]{section*.98}{\376\377\000D\000e\000f\000i\000n\000i\000t\000i\000o\000n\000\040\000o\000f\000\040\000T\000e\000r\000m\000s}{section*.93}% 75
\BOOKMARK [3][-]{section*.99}{\376\377\000R\000o\000c\000k\000e\000t\000\040\000N\000o\000r\000m\000a\000l\000\040\000F\000o\000r\000c\000e}{section*.98}% 76
\BOOKMARK [3][-]{section*.100}{\376\377\000C\000o\000r\000r\000e\000c\000t\000i\000v\000e\000\040\000M\000o\000m\000e\000n\000t\000\040\000C\000o\000e\000f\000f\000i\000c\000i\000e\000n\000t}{section*.98}% 77
\BOOKMARK [3][-]{section*.102}{\376\377\000D\000a\000m\000p\000i\000n\000g\000\040\000M\000o\000m\000e\000n\000t\000\040\000C\000o\000e\000f\000f\000i\000c\000i\000e\000n\000t}{section*.98}% 78
\BOOKMARK [2][-]{section*.108}{\376\377\000D\000e\000r\000i\000v\000a\000t\000i\000o\000n\000\040\000o\000f\000\040\000t\000h\000e\000\040\000H\000a\000r\000m\000o\000n\000i\000c\000\040\000M\000o\000t\000i\000o\000n\000\040\000E\000q\000u\000a\000t\000i\000o\000n}{section*.93}% 79
\BOOKMARK [2][-]{section*.109}{\376\377\000L\000i\000n\000e\000a\000r\000i\000z\000a\000t\000i\000o\000n\000\040\000A\000p\000p\000r\000o\000x\000i\000m\000a\000t\000i\000o\000n}{section*.93}% 80
\BOOKMARK [2][-]{section*.110}{\376\377\000G\000e\000n\000e\000r\000a\000l\000\040\000H\000o\000m\000o\000g\000e\000n\000e\000o\000u\000s\000\040\000R\000e\000s\000p\000o\000n\000s\000e}{section*.93}% 81
\BOOKMARK [2][-]{section*.111}{\376\377\000C\000o\000m\000p\000l\000e\000t\000e\000\040\000R\000e\000s\000p\000o\000n\000s\000e\000\040\000t\000o\000\040\000S\000t\000e\000p\000\040\000I\000n\000p\000u\000t}{section*.93}% 82
\BOOKMARK [2][-]{section*.112}{\376\377\000C\000o\000m\000p\000l\000e\000t\000e\000\040\000R\000e\000s\000p\000o\000n\000s\000e\000\040\000t\000o\000\040\000I\000m\000p\000u\000l\000s\000e\000\040\000I\000n\000p\000u\000t}{section*.93}% 83
\BOOKMARK [3][-]{section*.113}{\376\377\000D\000e\000l\000t\000a\000-\000D\000i\000r\000a\000c\000\040\000F\000u\000n\000c\000t\000i\000o\000n}{section*.112}% 84
\BOOKMARK [3][-]{section*.114}{\376\377\000C\000o\000n\000v\000o\000l\000u\000t\000i\000o\000n\000\040\000T\000h\000e\000o\000r\000e\000m}{section*.112}% 85
\BOOKMARK [2][-]{section*.115}{\376\377\000S\000t\000e\000a\000d\000y\000\040\000S\000t\000a\000t\000e\000\040\000R\000e\000s\000p\000o\000n\000s\000e\000\040\000t\000o\000\040\000S\000i\000n\000u\000s\000o\000i\000d\000a\000l\000\040\000F\000o\000r\000c\000i\000n\000g}{section*.93}% 86
\BOOKMARK [3][-]{section*.116}{\376\377\000R\000o\000c\000k\000e\000t\000\040\000D\000a\000m\000p\000i\000n\000g\000\040\000R\000a\000t\000i\000o}{section*.115}% 87
\BOOKMARK [3][-]{section*.120}{\376\377\000R\000o\000c\000k\000e\000t\000\040\000N\000a\000t\000u\000r\000a\000l\000\040\000F\000r\000e\000q\000u\000e\000n\000c\000y}{section*.115}% 88
\BOOKMARK [3][-]{section*.121}{\376\377\000T\000i\000m\000e\000\040\000C\000o\000n\000s\000t\000a\000n\000t\000s\000\040\000o\000f\000\040\000t\000h\000e\000\040\000R\000e\000s\000p\000o\000n\000s\000e}{section*.115}% 89
\BOOKMARK [3][-]{section*.122}{\376\377\000C\000o\000m\000p\000l\000e\000t\000e\000\040\000r\000e\000s\000p\000o\000n\000s\000e\000\040\000t\000o\000\040\000s\000t\000e\000p\000\040\000i\000n\000p\000u\000t}{section*.115}% 90
\BOOKMARK [3][-]{section*.123}{\376\377\000C\000o\000m\000p\000l\000e\000t\000e\000\040\000r\000e\000s\000p\000o\000n\000s\000e\000\040\000t\000o\000\040\000i\000m\000p\000u\000l\000s\000e\000\040\000i\000n\000p\000u\000t}{section*.115}% 91
\BOOKMARK [3][-]{section*.124}{\376\377\000A\000O\000A\000\040\000a\000s\000\040\000a\000\040\000f\000u\000n\000c\000t\000i\000o\000n\000\040\000o\000f\000\040\000v\000e\000l\000o\000c\000i\000t\000y}{section*.115}% 92
\BOOKMARK [3][-]{section*.125}{\376\377\000C\000o\000r\000r\000e\000c\000t\000i\000o\000n\000s}{section*.115}% 93
\BOOKMARK [2][-]{section*.127}{\376\377\000W\000i\000n\000d\000\040\000D\000i\000s\000t\000u\000r\000b\000a\000n\000c\000e}{section*.93}% 94
\BOOKMARK [3][-]{section*.128}{\376\377\000I\000m\000p\000u\000l\000s\000e\000\040\000D\000i\000s\000t\000u\000r\000b\000a\000n\000c\000e}{section*.127}% 95
\BOOKMARK [3][-]{section*.129}{\376\377\000C\000o\000n\000s\000t\000a\000n\000t\000\040\000D\000i\000s\000t\000u\000r\000b\000a\000n\000c\000e}{section*.127}% 96
\BOOKMARK [2][-]{section*.130}{\376\377\000M\000o\000r\000e\000\040\000R\000e\000a\000d\000i\000n\000g}{section*.93}% 97
\BOOKMARK [2][-]{section*.131}{\376\377\000S\000o\000l\000v\000e\000r\000\040\000A\000l\000g\000o\000r\000i\000t\000h\000m}{section*.93}% 98
\BOOKMARK [3][-]{section*.132}{\376\377\000A\000l\000g\000o\000r\000i\000t\000h\000m\000s}{section*.131}% 99
\BOOKMARK [3][-]{section*.136}{\376\377\000R\000u\000n\000g\000e\000-\000K\000u\000t\000t\000a\000-\000F\000e\000h\000l\000b\000e\000r\000g}{section*.131}% 100
\BOOKMARK [1][-]{section*.137}{\376\377\000V\000a\000l\000i\000d\000a\000t\000i\000o\000n}{}% 101
\BOOKMARK [2][-]{section*.138}{\376\377\000U\000n\000i\000t\000\040\000T\000e\000s\000t\000i\000n\000g}{section*.137}% 102
\BOOKMARK [2][-]{section*.139}{\376\377\000I\000n\000t\000e\000g\000r\000a\000t\000i\000o\000n\000\040\000T\000e\000s\000t\000i\000n\000g}{section*.137}% 103
\BOOKMARK [2][-]{section*.140}{\376\377\000S\000y\000s\000t\000e\000m\000\040\000T\000e\000s\000t\000i\000n\000g}{section*.137}% 104
\BOOKMARK [1][-]{section*.141}{\376\377\000C\000o\000m\000p\000a\000r\000i\000s\000o\000n\000\040\000w\000i\000t\000h\000\040\000E\000x\000p\000e\000r\000i\000m\000e\000n\000t\000a\000l\000\040\000D\000a\000t\000a}{}% 105
\BOOKMARK [2][-]{section*.142}{\376\377\000I\000S\000A\000\040\000M\000o\000d\000e\000l}{section*.141}% 106
\BOOKMARK [2][-]{section*.143}{\376\377\000F\000l\000i\000g\000h\000t\000\040\000V\000a\000l\000i\000d\000a\000t\000i\000o\000n}{section*.141}% 107
\BOOKMARK [3][-]{section*.144}{\376\377\000U\000n\000i\000v\000e\000r\000s\000i\000t\000y\000\040\000o\000f\000\040\000L\000o\000u\000i\000s\000v\000i\000l\000l\000e}{section*.143}% 108
\BOOKMARK [2][-]{section*.145}{\376\377\000F\000l\000i\000g\000h\000t\000\040\000D\000e\000t\000a\000i\000l\000s}{section*.141}% 109
\BOOKMARK [2][-]{section*.146}{\376\377\000M\000o\000t\000o\000r\000\040\000D\000e\000t\000a\000i\000l\000s}{section*.141}% 110
\BOOKMARK [2][-]{section*.147}{\376\377\000P\000l\000o\000t\000s}{section*.141}% 111
\BOOKMARK [3][-]{section*.148}{\376\377\000C\000o\000m\000p\000a\000r\000i\000s\000o\000n\000\040\000w\000i\000t\000h\000\040\000A\000r\000c\000t\000u\000r\000u\000s\000\040\000R\000o\000c\000k\000e\000t}{section*.147}% 112
\BOOKMARK [2][-]{section*.149}{\376\377\000S\000u\000m\000m\000a\000r\000y\000\040\000o\000f\000\040\000C\000o\000m\000p\000a\000r\000i\000s\000o\000n\000\040\000w\000i\000t\000h\000\040\000E\000x\000p\000e\000r\000i\000m\000e\000n\000t\000a\000l\000\040\000D\000a\000t\000a}{section*.141}% 113
\BOOKMARK [1][-]{section*.150}{\376\377\000S\000i\000m\000u\000l\000a\000t\000i\000o\000n\000\040\000E\000x\000e\000c\000u\000t\000i\000o\000n}{}% 114
\BOOKMARK [2][-]{section*.151}{\376\377\000S\000i\000m\000u\000l\000a\000t\000i\000o\000n\000\040\000C\000o\000n\000f\000i\000g\000u\000r\000a\000t\000i\000o\000n}{section*.150}% 115
\BOOKMARK [3][-]{section*.152}{\376\377\000H\000i\000s\000t\000o\000r\000i\000c\000a\000l\000\040\000W\000e\000a\000t\000h\000e\000r\000\040\000D\000a\000t\000a\000\040\000f\000o\000r\000\040\000G\000r\000e\000e\000n\000\040\000R\000i\000v\000e\000r\000,\000\040\000U\000t\000a\000h}{section*.151}% 116
\BOOKMARK [3][-]{section*.153}{\376\377\000G\000e\000n\000e\000r\000a\000l\000\040\000C\000o\000n\000d\000i\000t\000i\000o\000n\000s}{section*.151}% 117
\BOOKMARK [3][-]{section*.154}{\376\377\000B\000e\000s\000t\000\040\000C\000a\000s\000e}{section*.151}% 118
\BOOKMARK [3][-]{section*.155}{\376\377\000W\000o\000r\000s\000t\000\040\000C\000a\000s\000e}{section*.151}% 119
\BOOKMARK [2][-]{section*.156}{\376\377\000S\000i\000m\000u\000l\000a\000t\000i\000o\000n\000\040\000E\000x\000e\000c\000u\000t\000i\000o\000n}{section*.150}% 120
\BOOKMARK [3][-]{section*.157}{\376\377\000M\000a\000t\000l\000a\000b}{section*.156}% 121
\BOOKMARK [2][-]{section*.159}{\376\377\000O\000b\000s\000e\000r\000v\000a\000t\000i\000o\000n\000s}{section*.150}% 122
\BOOKMARK [2][-]{section*.160}{\376\377\000S\000i\000m\000u\000l\000a\000t\000i\000o\000n\000\040\000S\000u\000m\000m\000a\000r\000y}{section*.150}% 123
