\BOOKMARK [2][-]{section*.4}{\376\377\000L\000i\000s\000t\000\040\000o\000f\000\040\000A\000b\000b\000r\000e\000v\000i\000a\000t\000i\000o\000n\000s}{}% 1
\BOOKMARK [1][-]{section*.5}{\376\377\000E\000n\000g\000i\000n\000e\000e\000r\000i\000n\000g\000\040\000S\000i\000m\000u\000l\000a\000t\000i\000o\000n\000\040\000f\000o\000r\000\040\000R\000o\000c\000k\000e\000t\000\040\000F\000l\000i\000g\000h\000t\000\040\000A\000n\000a\000l\000y\000s\000i\000s}{}% 2
\BOOKMARK [2][-]{section*.6}{\376\377\000O\000v\000e\000r\000v\000i\000e\000w}{section*.5}% 3
\BOOKMARK [2][-]{section*.7}{\376\377\000D\000e\000f\000i\000n\000i\000t\000i\000o\000n\000\040\000o\000f\000\040\000t\000h\000e\000\040\000P\000r\000o\000b\000l\000e\000m}{section*.5}% 4
\BOOKMARK [2][-]{section*.8}{\376\377\000R\000e\000q\000u\000i\000r\000e\000m\000e\000n\000t\000s}{section*.5}% 5
\BOOKMARK [2][-]{section*.9}{\376\377\000P\000r\000o\000b\000l\000e\000m\000\040\000S\000o\000l\000v\000i\000n\000g\000\040\000A\000p\000p\000r\000o\000a\000c\000h}{section*.5}% 6
\BOOKMARK [3][-]{section*.10}{\376\377\000K\000i\000n\000e\000m\000a\000t\000i\000c\000s}{section*.9}% 7
\BOOKMARK [3][-]{section*.11}{\376\377\000D\000y\000n\000a\000m\000i\000c\000s}{section*.9}% 8
\BOOKMARK [3][-]{section*.12}{\376\377\000D\000e\000c\000o\000u\000p\000l\000i\000n\000g\000\040\000t\000h\000e\000\040\000M\000o\000d\000e\000l}{section*.9}% 9
\BOOKMARK [2][-]{section*.13}{\376\377\000A\000s\000s\000u\000m\000p\000t\000i\000o\000n\000s}{section*.5}% 10
\BOOKMARK [1][-]{section*.14}{\376\377\000I\000n\000p\000u\000t\000\040\000P\000a\000r\000a\000m\000e\000t\000e\000r\000s}{}% 11
\BOOKMARK [2][-]{section*.15}{\376\377\000S\000t\000a\000t\000i\000c\000\040\000P\000a\000r\000a\000m\000e\000t\000e\000r\000s}{section*.14}% 12
\BOOKMARK [2][-]{section*.16}{\376\377\000D\000y\000n\000a\000m\000i\000c\000\040\000P\000a\000r\000a\000m\000e\000t\000e\000r\000s}{section*.14}% 13
\BOOKMARK [3][-]{section*.17}{\376\377\000F\000o\000r\000c\000e}{section*.16}% 14
\BOOKMARK [3][-]{section*.18}{\376\377\000I\000m\000p\000u\000l\000s\000e}{section*.16}% 15
\BOOKMARK [3][-]{section*.19}{\376\377\000T\000h\000r\000u\000s\000t}{section*.16}% 16
\BOOKMARK [3][-]{section*.20}{\376\377\000M\000a\000s\000s\000\040\000F\000l\000o\000w\000\040\000R\000a\000t\000e}{section*.16}% 17
\BOOKMARK [3][-]{section*.23}{\376\377\000W\000e\000i\000g\000h\000t}{section*.16}% 18
\BOOKMARK [3][-]{section*.24}{\376\377\000C\000e\000n\000t\000e\000r\000\040\000o\000f\000\040\000G\000r\000a\000v\000i\000t\000y}{section*.16}% 19
\BOOKMARK [3][-]{section*.25}{\376\377\000M\000o\000m\000e\000n\000t\000s\000\040\000o\000f\000\040\000I\000n\000e\000r\000t\000i\000a}{section*.16}% 20
\BOOKMARK [2][-]{section*.27}{\376\377\000M\000o\000d\000e\000l\000\040\000R\000e\000f\000e\000r\000e\000n\000c\000i\000n\000g}{section*.14}% 21
\BOOKMARK [2][-]{section*.28}{\376\377\000C\000e\000n\000t\000e\000r\000\040\000o\000f\000\040\000P\000r\000e\000s\000s\000u\000r\000e}{section*.14}% 22
\BOOKMARK [1][-]{section*.29}{\376\377\000T\000h\000e\000\040\000B\000a\000r\000r\000o\000w\000m\000a\000n\000\040\000M\000e\000t\000h\000o\000d}{}% 23
\BOOKMARK [2][-]{section*.30}{\376\377\000S\000t\000a\000b\000i\000l\000i\000t\000y\000\040\000D\000e\000r\000i\000v\000a\000t\000i\000v\000e}{section*.29}% 24
\BOOKMARK [2][-]{section*.31}{\376\377\000N\000o\000s\000e\000\040\000C\000o\000n\000e}{section*.29}% 25
\BOOKMARK [2][-]{section*.32}{\376\377\000R\000o\000c\000k\000e\000t\000\040\000B\000o\000d\000y}{section*.29}% 26
\BOOKMARK [2][-]{section*.33}{\376\377\000F\000i\000n\000s}{section*.29}% 27
\BOOKMARK [2][-]{section*.34}{\376\377\000N\000o\000s\000e\000\040\000C\000o\000n\000e\000\040\000C\000O\000P}{section*.29}% 28
\BOOKMARK [3][-]{section*.35}{\376\377\000L\000V\000-\000H\000a\000a\000c\000k\000\040\000N\000o\000s\000e\000\040\000C\000o\000n\000e\000\040\000C\000O\000P}{section*.34}% 29
\BOOKMARK [3][-]{section*.36}{\376\377\000V\000o\000n\000\040\000K\000a\000r\000m\000a\000n\000\040\000N\000o\000s\000e\000\040\000C\000o\000n\000e\000\040\000C\000O\000P}{section*.34}% 30
\BOOKMARK [2][-]{section*.39}{\376\377\000R\000o\000c\000k\000e\000t\000\040\000B\000o\000d\000y\000\040\000L\000i\000f\000t\000\040\000C\000o\000r\000r\000e\000c\000t\000i\000o\000n}{section*.29}% 31
\BOOKMARK [2][-]{section*.40}{\376\377\000T\000r\000a\000n\000s\000o\000n\000i\000c\000\040\000C\000o\000n\000s\000i\000d\000e\000r\000a\000t\000i\000o\000n\000s}{section*.29}% 32
\BOOKMARK [2][-]{section*.41}{\376\377\000S\000i\000m\000u\000l\000i\000n\000k\000\040\000I\000m\000p\000l\000e\000m\000e\000n\000t\000a\000t\000i\000o\000n}{section*.29}% 33
\BOOKMARK [1][-]{section*.42}{\376\377\000A\000t\000m\000o\000s\000p\000h\000e\000r\000i\000c\000\040\000M\000o\000d\000e\000l}{}% 34
\BOOKMARK [2][-]{section*.43}{\376\377\000I\000n\000t\000r\000o\000d\000u\000c\000t\000i\000o\000n}{section*.42}% 35
\BOOKMARK [2][-]{section*.44}{\376\377\000M\000e\000t\000h\000o\000d\000o\000l\000o\000g\000y}{section*.42}% 36
\BOOKMARK [2][-]{section*.45}{\376\377\000A\000e\000r\000o\000d\000y\000n\000a\000m\000i\000c\000\040\000G\000e\000o\000m\000e\000t\000r\000y}{section*.42}% 37
\BOOKMARK [3][-]{section*.46}{\376\377\000O\000v\000e\000r\000v\000i\000e\000w}{section*.45}% 38
\BOOKMARK [3][-]{section*.47}{\376\377\000S\000u\000r\000f\000a\000c\000e\000\040\000R\000o\000u\000g\000h\000n\000e\000s\000s}{section*.45}% 39
\BOOKMARK [3][-]{section*.48}{\376\377\000F\000i\000n\000e\000n\000e\000s\000s\000\040\000R\000a\000t\000i\000o}{section*.45}% 40
\BOOKMARK [3][-]{section*.49}{\376\377\000F\000i\000n\000s}{section*.45}% 41
\BOOKMARK [3][-]{section*.50}{\376\377\000A\000e\000r\000o\000d\000y\000n\000a\000m\000i\000c\000\040\000C\000h\000o\000r\000d\000\040\000L\000e\000n\000g\000t\000h\000\040\000o\000f\000\040\000F\000i\000n\000s}{section*.45}% 42
\BOOKMARK [3][-]{section*.51}{\376\377\000A\000r\000e\000a\000s}{section*.45}% 43
\BOOKMARK [2][-]{section*.56}{\376\377\000N\000o\000s\000e\000\040\000P\000r\000o\000f\000i\000l\000e}{section*.42}% 44
\BOOKMARK [3][-]{section*.57}{\376\377\000V\000o\000n\000\040\000K\000a\000r\000m\000a\000n\000\040\000\050\000H\000a\000a\000c\000k\000\051}{section*.56}% 45
\BOOKMARK [3][-]{section*.58}{\376\377\000A\000e\000r\000o\000d\000y\000n\000a\000m\000i\000c\000\040\000C\000e\000n\000t\000e\000r}{section*.56}% 46
\BOOKMARK [1][-]{section*.59}{\376\377\000D\000r\000a\000g\000\040\000M\000o\000d\000e\000l}{}% 47
\BOOKMARK [2][-]{section*.60}{\376\377\000M\000a\000c\000h\000\040\000N\000u\000m\000b\000e\000r}{section*.59}% 48
